TN:
SF:src/index.ts
FN:5,(anonymous_4)
FN:235,(anonymous_5)
FN:236,(anonymous_6)
FN:289,(anonymous_7)
FN:327,(anonymous_8)
FN:328,(anonymous_9)
FN:329,(anonymous_10)
FN:330,(anonymous_11)
FN:331,(anonymous_12)
FN:332,(anonymous_13)
FN:333,(anonymous_14)
FN:334,(anonymous_15)
FN:335,(anonymous_16)
FN:336,(anonymous_17)
FN:337,(anonymous_18)
FNF:15
FNH:0
FNDA:0,(anonymous_4)
FNDA:0,(anonymous_5)
FNDA:0,(anonymous_6)
FNDA:0,(anonymous_7)
FNDA:0,(anonymous_8)
FNDA:0,(anonymous_9)
FNDA:0,(anonymous_10)
FNDA:0,(anonymous_11)
FNDA:0,(anonymous_12)
FNDA:0,(anonymous_13)
FNDA:0,(anonymous_14)
FNDA:0,(anonymous_15)
FNDA:0,(anonymous_16)
FNDA:0,(anonymous_17)
FNDA:0,(anonymous_18)
DA:1,0
DA:2,0
DA:4,0
DA:5,0
DA:7,0
DA:9,0
DA:10,0
DA:11,0
DA:12,0
DA:13,0
DA:14,0
DA:15,0
DA:16,0
DA:17,0
DA:18,0
DA:19,0
DA:20,0
DA:21,0
DA:22,0
DA:23,0
DA:24,0
DA:25,0
DA:26,0
DA:27,0
DA:28,0
DA:29,0
DA:30,0
DA:32,0
DA:33,0
DA:35,0
DA:36,0
DA:37,0
DA:38,0
DA:40,0
DA:41,0
DA:43,0
DA:44,0
DA:45,0
DA:46,0
DA:47,0
DA:48,0
DA:49,0
DA:50,0
DA:51,0
DA:52,0
DA:53,0
DA:54,0
DA:55,0
DA:56,0
DA:57,0
DA:58,0
DA:60,0
DA:61,0
DA:62,0
DA:64,0
DA:65,0
DA:66,0
DA:67,0
DA:68,0
DA:69,0
DA:71,0
DA:72,0
DA:73,0
DA:74,0
DA:76,0
DA:77,0
DA:78,0
DA:79,0
DA:80,0
DA:81,0
DA:83,0
DA:84,0
DA:85,0
DA:86,0
DA:87,0
DA:88,0
DA:90,0
DA:91,0
DA:94,0
DA:97,0
DA:99,0
DA:100,0
DA:101,0
DA:102,0
DA:103,0
DA:104,0
DA:105,0
DA:107,0
DA:108,0
DA:109,0
DA:110,0
DA:111,0
DA:112,0
DA:113,0
DA:114,0
DA:115,0
DA:116,0
DA:117,0
DA:118,0
DA:119,0
DA:120,0
DA:121,0
DA:122,0
DA:123,0
DA:124,0
DA:125,0
DA:126,0
DA:127,0
DA:128,0
DA:129,0
DA:130,0
DA:131,0
DA:132,0
DA:133,0
DA:134,0
DA:135,0
DA:136,0
DA:137,0
DA:138,0
DA:139,0
DA:140,0
DA:141,0
DA:142,0
DA:143,0
DA:144,0
DA:145,0
DA:146,0
DA:147,0
DA:148,0
DA:149,0
DA:150,0
DA:151,0
DA:152,0
DA:153,0
DA:154,0
DA:155,0
DA:156,0
DA:157,0
DA:158,0
DA:159,0
DA:160,0
DA:161,0
DA:162,0
DA:163,0
DA:164,0
DA:165,0
DA:166,0
DA:167,0
DA:168,0
DA:169,0
DA:170,0
DA:171,0
DA:172,0
DA:173,0
DA:174,0
DA:175,0
DA:176,0
DA:177,0
DA:178,0
DA:179,0
DA:180,0
DA:181,0
DA:182,0
DA:183,0
DA:184,0
DA:185,0
DA:186,0
DA:187,0
DA:188,0
DA:189,0
DA:190,0
DA:191,0
DA:192,0
DA:193,0
DA:194,0
DA:195,0
DA:196,0
DA:197,0
DA:198,0
DA:199,0
DA:200,0
DA:201,0
DA:202,0
DA:203,0
DA:204,0
DA:205,0
DA:206,0
DA:207,0
DA:208,0
DA:209,0
DA:210,0
DA:212,0
DA:213,0
DA:214,0
DA:215,0
DA:216,0
DA:234,0
DA:235,0
DA:236,0
DA:289,0
DA:290,0
DA:293,0
DA:294,0
DA:295,0
DA:296,0
DA:297,0
DA:298,0
DA:299,0
DA:300,0
DA:301,0
DA:302,0
DA:303,0
DA:304,0
DA:305,0
DA:306,0
DA:307,0
DA:308,0
DA:309,0
DA:310,0
DA:311,0
DA:312,0
DA:313,0
DA:314,0
DA:315,0
DA:316,0
DA:317,0
DA:318,0
DA:319,0
DA:320,0
DA:321,0
DA:322,0
DA:323,0
DA:326,0
DA:327,0
DA:328,0
DA:329,0
DA:330,0
DA:331,0
DA:332,0
DA:333,0
DA:334,0
DA:335,0
DA:336,0
DA:337,0
DA:341,0
DA:342,0
DA:343,0
LF:247
LH:0
BRF:0
BRH:0
end_of_record
TN:
SF:src/kysely.ts
FN:104,(anonymous_0)
FN:145,(anonymous_1)
FN:155,(anonymous_2)
FN:162,(anonymous_3)
FN:175,(anonymous_4)
FN:231,(anonymous_5)
FN:306,(anonymous_6)
FN:421,(anonymous_7)
FN:445,(anonymous_8)
FN:452,(anonymous_9)
FN:462,(anonymous_10)
FN:472,(anonymous_11)
FN:511,(anonymous_12)
FN:522,(anonymous_13)
FN:531,(anonymous_14)
FN:539,(anonymous_15)
FN:548,(anonymous_16)
FN:556,(anonymous_17)
FN:564,(anonymous_18)
FN:572,(anonymous_19)
FN:576,(anonymous_20)
FN:582,(anonymous_21)
FN:588,(anonymous_22)
FN:594,(anonymous_23)
FN:601,(anonymous_24)
FN:608,(anonymous_25)
FN:617,(anonymous_26)
FN:631,isKyselyProps
FN:694,(anonymous_28)
FN:698,(anonymous_29)
FN:699,(anonymous_30)
FN:719,(anonymous_31)
FN:723,(anonymous_32)
FN:730,(anonymous_33)
FN:737,(anonymous_34)
FN:743,(anonymous_35)
FN:782,(anonymous_36)
FN:786,(anonymous_37)
FN:793,(anonymous_38)
FN:802,(anonymous_39)
FN:830,(anonymous_40)
FN:846,(anonymous_41)
FN:849,(anonymous_42)
FN:853,(anonymous_43)
FN:881,(anonymous_44)
FN:884,(anonymous_45)
FN:917,(anonymous_46)
FN:920,(anonymous_47)
FN:958,(anonymous_48)
FN:963,(anonymous_49)
FN:1004,(anonymous_50)
FN:1011,(anonymous_51)
FN:1057,(anonymous_52)
FN:1064,(anonymous_53)
FN:1075,(anonymous_54)
FN:1082,(anonymous_55)
FN:1089,(anonymous_56)
FN:1098,(anonymous_57)
FN:1117,(anonymous_58)
FN:1124,(anonymous_59)
FN:1129,assertNotCommittedOrRolledBack
FN:1151,(anonymous_61)
FN:1161,(anonymous_62)
FN:1165,(anonymous_63)
FN:1169,(anonymous_64)
FN:1173,(anonymous_65)
FN:1180,(anonymous_66)
FN:1186,(anonymous_67)
FN:1191,(anonymous_68)
FN:1199,(anonymous_69)
FN:1208,(anonymous_70)
FN:1215,(anonymous_71)
FN:1222,(anonymous_72)
FN:1229,(anonymous_73)
FNF:74
FNH:12
FNDA:173,(anonymous_0)
FNDA:607,(anonymous_1)
FNDA:0,(anonymous_2)
FNDA:2,(anonymous_3)
FNDA:0,(anonymous_4)
FNDA:0,(anonymous_5)
FNDA:76,(anonymous_6)
FNDA:0,(anonymous_7)
FNDA:0,(anonymous_8)
FNDA:0,(anonymous_9)
FNDA:2,(anonymous_10)
FNDA:0,(anonymous_11)
FNDA:0,(anonymous_12)
FNDA:96,(anonymous_13)
FNDA:0,(anonymous_14)
FNDA:3384,(anonymous_15)
FNDA:0,(anonymous_16)
FNDA:0,(anonymous_17)
FNDA:76,(anonymous_18)
FNDA:0,(anonymous_19)
FNDA:0,(anonymous_20)
FNDA:0,(anonymous_21)
FNDA:0,(anonymous_22)
FNDA:0,(anonymous_23)
FNDA:0,(anonymous_24)
FNDA:0,(anonymous_25)
FNDA:0,(anonymous_26)
FNDA:173,isKyselyProps
FNDA:0,(anonymous_28)
FNDA:0,(anonymous_29)
FNDA:0,(anonymous_30)
FNDA:76,(anonymous_31)
FNDA:0,(anonymous_32)
FNDA:0,(anonymous_33)
FNDA:76,(anonymous_34)
FNDA:76,(anonymous_35)
FNDA:0,(anonymous_36)
FNDA:0,(anonymous_37)
FNDA:0,(anonymous_38)
FNDA:0,(anonymous_39)
FNDA:0,(anonymous_40)
FNDA:0,(anonymous_41)
FNDA:0,(anonymous_42)
FNDA:0,(anonymous_43)
FNDA:0,(anonymous_44)
FNDA:0,(anonymous_45)
FNDA:0,(anonymous_46)
FNDA:0,(anonymous_47)
FNDA:0,(anonymous_48)
FNDA:0,(anonymous_49)
FNDA:0,(anonymous_50)
FNDA:0,(anonymous_51)
FNDA:0,(anonymous_52)
FNDA:0,(anonymous_53)
FNDA:0,(anonymous_54)
FNDA:0,(anonymous_55)
FNDA:0,(anonymous_56)
FNDA:0,(anonymous_57)
FNDA:0,(anonymous_58)
FNDA:0,(anonymous_59)
FNDA:0,assertNotCommittedOrRolledBack
FNDA:0,(anonymous_61)
FNDA:0,(anonymous_62)
FNDA:0,(anonymous_63)
FNDA:0,(anonymous_64)
FNDA:0,(anonymous_65)
FNDA:0,(anonymous_66)
FNDA:0,(anonymous_67)
FNDA:0,(anonymous_68)
FNDA:0,(anonymous_69)
FNDA:0,(anonymous_70)
FNDA:0,(anonymous_71)
FNDA:0,(anonymous_72)
FNDA:0,(anonymous_73)
DA:2,22
DA:3,22
DA:4,22
DA:6,22
DA:8,22
DA:10,22
DA:11,22
DA:12,22
DA:13,22
DA:19,22
DA:23,22
DA:30,22
DA:31,22
DA:32,22
DA:33,22
DA:34,22
DA:36,22
DA:46,22
DA:61,22
DA:96,22
DA:108,173
DA:109,78
DA:110,78
DA:112,95
DA:114,95
DA:115,95
DA:116,95
DA:118,95
DA:119,95
DA:121,95
DA:122,95
DA:129,95
DA:130,95
DA:138,173
DA:139,173
DA:146,607
DA:156,0
DA:163,2
DA:176,0
DA:232,0
DA:307,76
DA:422,0
DA:446,0
DA:453,0
DA:463,2
DA:473,0
DA:514,0
DA:523,96
DA:532,0
DA:540,3384
DA:551,0
DA:553,0
DA:557,0
DA:561,22
DA:565,76
DA:566,76
DA:573,0
DA:577,0
DA:583,0
DA:589,0
DA:595,0
DA:602,0
DA:609,0
DA:620,0
DA:631,22
DA:632,173
DA:691,22
DA:695,0
DA:699,0
DA:700,0
DA:704,0
DA:709,0
DA:716,22
DA:720,76
DA:724,0
DA:731,0
DA:738,76
DA:739,76
DA:741,76
DA:743,76
DA:744,76
DA:748,76
DA:753,76
DA:754,76
DA:755,76
DA:756,76
DA:758,76
DA:760,61
DA:762,61
DA:764,15
DA:765,15
DA:768,15
DA:779,22
DA:783,0
DA:787,0
DA:796,0
DA:803,0
DA:804,0
DA:806,0
DA:808,0
DA:810,0
DA:812,0
DA:822,22
DA:831,0
DA:832,0
DA:839,0
DA:840,0
DA:842,0
DA:843,0
DA:845,0
DA:846,0
DA:850,0
DA:854,0
DA:882,0
DA:884,0
DA:885,0
DA:888,0
DA:889,0
DA:918,0
DA:920,0
DA:921,0
DA:924,0
DA:925,0
DA:961,0
DA:963,0
DA:964,0
DA:970,0
DA:1009,0
DA:1011,0
DA:1012,0
DA:1018,0
DA:1062,0
DA:1064,0
DA:1065,0
DA:1071,0
DA:1076,0
DA:1083,0
DA:1090,0
DA:1101,0
DA:1114,22
DA:1118,0
DA:1125,0
DA:1132,0
DA:1133,0
DA:1136,0
DA:1137,0
DA:1152,0
DA:1153,0
DA:1155,0
DA:1158,0
DA:1162,0
DA:1166,0
DA:1170,0
DA:1177,0
DA:1183,0
DA:1187,0
DA:1188,0
DA:1195,0
DA:1196,0
DA:1202,0
DA:1209,0
DA:1216,0
DA:1223,0
DA:1230,0
LF:164
LH:68
BRDA:108,0,0,78
BRDA:108,0,1,95
BRDA:118,1,0,95
BRDA:118,1,1,94
BRDA:126,2,0,95
BRDA:126,2,1,95
BRDA:178,3,0,0
BRDA:178,3,1,0
BRDA:551,4,0,0
BRDA:551,4,1,0
BRDA:633,5,0,173
BRDA:633,5,1,173
BRDA:633,5,2,78
BRDA:633,5,3,78
BRDA:633,5,4,78
BRDA:764,6,0,15
BRDA:1132,7,0,0
BRDA:1136,8,0,0
BRDA:1152,9,0,0
BRDA:1152,9,1,0
BRF:20
BRH:12
end_of_record
TN:
SF:src/noormme.ts
FN:73,(anonymous_1)
FN:150,(anonymous_2)
FN:183,(anonymous_3)
FN:299,(anonymous_4)
FN:306,(anonymous_5)
FN:322,(anonymous_6)
FN:331,(anonymous_7)
FN:338,(anonymous_8)
FN:350,(anonymous_9)
FN:364,(anonymous_10)
FN:382,(anonymous_11)
FN:395,(anonymous_12)
FN:408,(anonymous_13)
FN:421,(anonymous_14)
FN:428,(anonymous_15)
FN:445,(anonymous_16)
FN:461,(anonymous_17)
FN:463,(anonymous_18)
FN:479,(anonymous_19)
FN:496,(anonymous_20)
FN:519,(anonymous_21)
FN:536,(anonymous_22)
FN:561,(anonymous_23)
FN:563,(anonymous_24)
FN:581,(anonymous_25)
FN:591,(anonymous_26)
FN:604,(anonymous_27)
FN:625,(anonymous_28)
FN:653,(anonymous_29)
FN:664,(anonymous_30)
FN:682,(anonymous_31)
FN:689,(anonymous_32)
FN:696,(anonymous_33)
FN:703,(anonymous_34)
FN:708,(anonymous_35)
FN:743,(anonymous_36)
FN:853,(anonymous_37)
FN:866,(anonymous_38)
FNF:38
FNH:20
FNDA:95,(anonymous_1)
FNDA:43,(anonymous_2)
FNDA:43,(anonymous_3)
FNDA:0,(anonymous_4)
FNDA:43,(anonymous_5)
FNDA:301,(anonymous_6)
FNDA:94,(anonymous_7)
FNDA:0,(anonymous_8)
FNDA:0,(anonymous_9)
FNDA:0,(anonymous_10)
FNDA:0,(anonymous_11)
FNDA:0,(anonymous_12)
FNDA:0,(anonymous_13)
FNDA:0,(anonymous_14)
FNDA:0,(anonymous_15)
FNDA:33,(anonymous_16)
FNDA:99,(anonymous_17)
FNDA:3,(anonymous_18)
FNDA:35,(anonymous_19)
FNDA:6,(anonymous_20)
FNDA:0,(anonymous_21)
FNDA:10,(anonymous_22)
FNDA:6,(anonymous_23)
FNDA:8,(anonymous_24)
FNDA:114,(anonymous_25)
FNDA:7,(anonymous_26)
FNDA:0,(anonymous_27)
FNDA:0,(anonymous_28)
FNDA:0,(anonymous_29)
FNDA:96,(anonymous_30)
FNDA:0,(anonymous_31)
FNDA:230,(anonymous_32)
FNDA:0,(anonymous_33)
FNDA:0,(anonymous_34)
FNDA:95,(anonymous_35)
FNDA:0,(anonymous_36)
FNDA:0,(anonymous_37)
FNDA:95,(anonymous_38)
DA:1,22
DA:4,22
DA:5,22
DA:6,22
DA:7,22
DA:8,22
DA:9,22
DA:17,22
DA:18,22
DA:19,22
DA:20,22
DA:21,22
DA:22,22
DA:23,22
DA:24,22
DA:26,22
DA:28,22
DA:29,22
DA:30,22
DA:31,22
DA:32,22
DA:33,22
DA:34,22
DA:37,22
DA:43,22
DA:53,95
DA:54,95
DA:55,95
DA:56,95
DA:57,95
DA:58,95
DA:60,95
DA:75,95
DA:79,95
DA:81,0
DA:82,0
DA:83,0
DA:89,0
DA:90,95
DA:91,0
DA:93,95
DA:96,95
DA:97,95
DA:98,95
DA:101,95
DA:104,95
DA:105,95
DA:113,95
DA:118,95
DA:121,95
DA:122,95
DA:136,95
DA:141,95
DA:151,43
DA:152,0
DA:153,0
DA:157,43
DA:158,43
DA:159,0
DA:162,0
DA:165,0
DA:166,0
DA:167,0
DA:172,43
DA:173,43
DA:175,43
DA:176,43
DA:179,43
DA:184,43
DA:185,43
DA:188,43
DA:189,43
DA:191,43
DA:192,43
DA:193,43
DA:195,0
DA:203,43
DA:205,43
DA:206,43
DA:207,43
DA:210,0
DA:211,0
DA:212,0
DA:217,0
DA:219,0
DA:227,43
DA:229,43
DA:230,43
DA:231,43
DA:235,0
DA:237,0
DA:245,43
DA:246,43
DA:247,43
DA:249,0
DA:256,43
DA:257,43
DA:259,0
DA:263,43
DA:276,43
DA:277,43
DA:278,43
DA:282,43
DA:283,43
DA:284,43
DA:288,43
DA:289,43
DA:291,0
DA:292,0
DA:300,0
DA:307,43
DA:309,43
DA:310,43
DA:312,43
DA:313,43
DA:318,43
DA:319,43
DA:322,43
DA:323,301
DA:327,43
DA:328,43
DA:331,43
DA:332,94
DA:336,43
DA:337,0
DA:338,0
DA:339,0
DA:343,0
DA:351,0
DA:352,0
DA:357,0
DA:358,0
DA:370,0
DA:371,0
DA:376,0
DA:383,0
DA:384,0
DA:387,0
DA:388,0
DA:396,0
DA:397,0
DA:402,0
DA:409,0
DA:410,0
DA:415,0
DA:422,0
DA:429,0
DA:430,0
DA:435,0
DA:446,33
DA:447,0
DA:452,33
DA:453,0
DA:456,33
DA:457,33
DA:458,0
DA:461,99
DA:462,33
DA:463,3
DA:464,1
DA:467,32
DA:471,32
DA:473,32
DA:480,35
DA:481,0
DA:484,35
DA:485,35
DA:486,35
DA:490,0
DA:497,6
DA:499,6
DA:500,6
DA:503,6
DA:504,6
DA:507,6
DA:510,6
DA:512,6
DA:513,6
DA:520,0
DA:523,0
DA:524,0
DA:526,0
DA:527,0
DA:530,0
DA:537,10
DA:538,1
DA:544,9
DA:545,0
DA:548,9
DA:556,9
DA:557,7
DA:561,9
DA:562,6
DA:563,6
DA:564,8
DA:567,6
DA:568,6
DA:569,6
DA:571,0
DA:575,9
DA:582,114
DA:583,27
DA:593,7
DA:596,7
DA:597,0
DA:605,0
DA:612,0
DA:613,0
DA:619,0
DA:626,0
DA:627,0
DA:632,0
DA:633,0
DA:634,0
DA:637,0
DA:647,0
DA:654,0
DA:655,0
DA:656,0
DA:657,0
DA:665,96
DA:668,96
DA:670,96
DA:671,96
DA:673,96
DA:674,96
DA:676,96
DA:683,0
DA:690,230
DA:697,0
DA:704,0
DA:705,0
DA:709,95
DA:744,0
DA:745,0
DA:748,0
DA:750,0
DA:751,0
DA:754,0
DA:755,0
DA:757,0
DA:758,0
DA:760,0
DA:770,0
DA:771,0
DA:783,0
DA:785,0
DA:786,0
DA:788,0
DA:789,0
DA:790,0
DA:791,0
DA:792,0
DA:793,0
DA:796,0
DA:802,0
DA:825,0
DA:839,0
DA:854,0
DA:856,0
DA:858,0
DA:860,0
DA:862,0
DA:867,95
DA:869,95
DA:871,95
DA:876,0
DA:891,0
DA:897,22
LF:269
LH:154
BRDA:79,0,0,0
BRDA:79,0,1,95
BRDA:82,1,0,0
BRDA:90,2,0,0
BRDA:90,2,1,95
BRDA:107,3,0,1
BRDA:107,3,1,94
BRDA:121,4,0,95
BRDA:121,4,1,94
BRDA:124,5,0,0
BRDA:124,5,1,95
BRDA:151,6,0,0
BRDA:157,7,0,43
BRDA:157,7,1,0
BRDA:158,8,0,0
BRDA:165,9,0,0
BRDA:210,10,0,0
BRDA:213,11,0,0
BRDA:213,11,1,0
BRDA:270,12,0,43
BRDA:270,12,1,43
BRDA:276,13,0,43
BRDA:283,14,0,43
BRDA:307,15,0,0
BRDA:318,16,0,43
BRDA:327,17,0,43
BRDA:336,18,0,0
BRDA:351,19,0,0
BRDA:351,20,0,0
BRDA:351,20,1,0
BRDA:370,21,0,0
BRDA:370,22,0,0
BRDA:370,22,1,0
BRDA:383,23,0,0
BRDA:383,24,0,0
BRDA:383,24,1,0
BRDA:387,25,0,0
BRDA:396,26,0,0
BRDA:396,27,0,0
BRDA:396,27,1,0
BRDA:409,28,0,0
BRDA:409,29,0,0
BRDA:409,29,1,0
BRDA:429,30,0,0
BRDA:446,31,0,0
BRDA:452,32,0,0
BRDA:457,33,0,0
BRDA:462,34,0,1
BRDA:480,35,0,0
BRDA:485,36,0,35
BRDA:523,37,0,0
BRDA:526,38,0,0
BRDA:537,39,0,1
BRDA:544,40,0,0
BRDA:582,41,0,27
BRDA:596,42,0,0
BRDA:612,43,0,0
BRDA:626,44,0,0
BRDA:633,45,0,0
BRDA:640,46,0,0
BRDA:640,46,1,0
BRDA:654,47,0,0
BRDA:704,48,0,0
BRDA:704,48,1,0
BRDA:748,49,0,0
BRDA:748,49,1,0
BRDA:748,49,2,0
BRDA:748,49,3,0
BRDA:748,49,4,0
BRDA:770,50,0,0
BRDA:783,51,0,0
BRDA:783,52,0,0
BRDA:783,52,1,0
BRDA:786,53,0,0
BRDA:786,53,1,0
BRDA:789,54,0,0
BRDA:790,55,0,0
BRDA:790,55,1,0
BRDA:790,56,0,0
BRDA:790,56,1,0
BRDA:792,57,0,0
BRDA:792,57,1,0
BRDA:792,58,0,0
BRDA:792,58,1,0
BRDA:797,59,0,0
BRDA:797,59,1,0
BRDA:805,60,0,0
BRDA:805,60,1,0
BRDA:806,61,0,0
BRDA:806,61,1,0
BRDA:810,62,0,0
BRDA:810,62,1,0
BRDA:811,63,0,0
BRDA:811,63,1,0
BRDA:814,64,0,0
BRDA:814,64,1,0
BRDA:817,65,0,0
BRDA:817,65,1,0
BRDA:828,66,0,0
BRDA:828,66,1,0
BRDA:829,67,0,0
BRDA:829,67,1,0
BRDA:831,68,0,0
BRDA:831,68,1,0
BRDA:832,69,0,0
BRDA:832,69,1,0
BRDA:834,70,0,0
BRDA:834,70,1,0
BRDA:840,71,0,0
BRDA:840,71,1,0
BRDA:854,72,0,0
BRDA:854,72,1,0
BRDA:854,72,2,0
BRDA:854,72,3,0
BRDA:869,73,0,95
BRDA:869,73,1,0
BRDA:869,73,2,0
BRDA:884,74,0,0
BRDA:884,74,1,0
BRDA:885,75,0,0
BRDA:885,75,1,0
BRDA:886,76,0,0
BRDA:886,76,1,0
BRF:123
BRH:19
end_of_record
TN:
SF:src/query-creator.ts
FN:54,(anonymous_0)
FN:165,(anonymous_1)
FN:236,(anonymous_2)
FN:287,(anonymous_3)
FN:336,(anonymous_4)
FN:399,(anonymous_5)
FN:435,(anonymous_6)
FN:531,(anonymous_7)
FN:655,(anonymous_8)
FN:679,(anonymous_9)
FN:699,(anonymous_10)
FN:709,(anonymous_11)
FN:763,(anonymous_12)
FNF:13
FNH:5
FNDA:173,(anonymous_0)
FNDA:769,(anonymous_1)
FNDA:0,(anonymous_2)
FNDA:120,(anonymous_3)
FNDA:0,(anonymous_4)
FNDA:3,(anonymous_5)
FNDA:42,(anonymous_6)
FNDA:0,(anonymous_7)
FNDA:0,(anonymous_8)
FNDA:0,(anonymous_9)
FNDA:0,(anonymous_10)
FNDA:0,(anonymous_11)
FNDA:0,(anonymous_12)
DA:1,29
DA:5,29
DA:6,29
DA:7,29
DA:8,29
DA:9,29
DA:10,29
DA:11,29
DA:12,29
DA:20,29
DA:26,29
DA:27,29
DA:28,29
DA:29,29
DA:35,29
DA:43,29
DA:44,29
DA:51,29
DA:55,173
DA:168,769
DA:239,0
DA:290,120
DA:339,0
DA:402,3
DA:438,42
DA:534,0
DA:659,0
DA:661,0
DA:686,0
DA:688,0
DA:700,0
DA:710,0
DA:764,0
LF:33
LH:23
BRDA:663,0,0,0
BRDA:663,0,1,0
BRDA:690,1,0,0
BRDA:690,1,1,0
BRF:4
BRH:0
end_of_record
TN:
SF:src/agentic/ActionJournal.ts
FN:29,(anonymous_0)
FN:37,(anonymous_1)
FN:44,(anonymous_2)
FN:81,(anonymous_3)
FN:120,(anonymous_4)
FN:138,(anonymous_5)
FN:144,(anonymous_6)
FN:156,(anonymous_7)
FN:162,(anonymous_8)
FN:172,(anonymous_9)
FN:173,(anonymous_10)
FN:178,(anonymous_11)
FN:181,(anonymous_12)
FN:188,(anonymous_13)
FNF:14
FNH:10
FNDA:105,(anonymous_0)
FNDA:6,(anonymous_1)
FNDA:3,(anonymous_2)
FNDA:2,(anonymous_3)
FNDA:0,(anonymous_4)
FNDA:0,(anonymous_5)
FNDA:0,(anonymous_6)
FNDA:0,(anonymous_7)
FNDA:1,(anonymous_8)
FNDA:1,(anonymous_9)
FNDA:1,(anonymous_10)
FNDA:1,(anonymous_11)
FNDA:1,(anonymous_12)
FNDA:5,(anonymous_13)
DA:26,22
DA:30,105
DA:31,105
DA:32,105
DA:34,105
DA:38,6
DA:50,3
DA:63,3
DA:66,3
DA:67,0
DA:75,3
DA:88,2
DA:100,2
DA:103,2
DA:104,0
DA:105,0
DA:114,2
DA:124,0
DA:126,0
DA:133,0
DA:134,0
DA:137,0
DA:138,0
DA:148,0
DA:156,0
DA:166,1
DA:168,1
DA:172,1
DA:173,1
DA:178,1
DA:181,1
DA:189,5
LF:32
LH:21
BRDA:31,0,0,2
BRDA:34,1,0,105
BRDA:34,1,1,104
BRDA:54,2,0,3
BRDA:54,2,1,3
BRDA:66,3,0,0
BRDA:93,4,0,2
BRDA:93,4,1,1
BRDA:94,5,0,0
BRDA:94,5,1,2
BRDA:103,6,0,0
BRDA:104,7,0,0
BRDA:122,8,0,0
BRDA:124,9,0,0
BRDA:133,10,0,0
BRDA:146,11,0,0
BRDA:195,12,0,5
BRDA:195,12,1,0
BRDA:197,13,0,0
BRDA:197,13,1,0
BRDA:202,14,0,0
BRDA:202,14,1,5
BRDA:204,15,0,5
BRDA:204,15,1,5
BRF:24
BRH:12
end_of_record
TN:
SF:src/agentic/CapabilityManager.ts
FN:33,(anonymous_0)
FN:48,(anonymous_1)
FN:55,(anonymous_2)
FN:61,(anonymous_3)
FN:115,(anonymous_4)
FN:116,(anonymous_5)
FN:184,(anonymous_6)
FN:268,(anonymous_7)
FN:282,(anonymous_8)
FN:310,(anonymous_9)
FN:316,(anonymous_10)
FN:325,(anonymous_11)
FN:367,(anonymous_12)
FN:379,(anonymous_13)
FNF:14
FNH:10
FNDA:108,(anonymous_0)
FNDA:14,(anonymous_1)
FNDA:11,(anonymous_2)
FNDA:11,(anonymous_3)
FNDA:26,(anonymous_4)
FNDA:26,(anonymous_5)
FNDA:0,(anonymous_6)
FNDA:3,(anonymous_7)
FNDA:11,(anonymous_8)
FNDA:10,(anonymous_9)
FNDA:0,(anonymous_10)
FNDA:0,(anonymous_11)
FNDA:0,(anonymous_12)
FNDA:21,(anonymous_13)
DA:29,22
DA:34,108
DA:35,108
DA:36,108
DA:38,108
DA:39,108
DA:49,14
DA:61,11
DA:62,11
DA:69,11
DA:70,1
DA:85,1
DA:88,10
DA:107,10
DA:116,26
DA:117,26
DA:124,26
DA:125,0
DA:128,26
DA:130,26
DA:131,26
DA:133,26
DA:137,26
DA:138,26
DA:142,26
DA:143,26
DA:144,26
DA:150,26
DA:153,26
DA:156,26
DA:157,26
DA:158,26
DA:160,26
DA:161,26
DA:162,26
DA:166,26
DA:169,26
DA:173,26
DA:175,26
DA:178,26
DA:184,0
DA:188,26
DA:189,26
DA:191,26
DA:194,26
DA:195,26
DA:197,26
DA:198,26
DA:201,26
DA:204,26
DA:208,1
DA:211,1
DA:212,25
DA:216,1
DA:219,1
DA:220,24
DA:221,1
DA:222,0
DA:225,0
DA:226,1
DA:228,1
DA:231,1
DA:235,26
DA:236,3
DA:241,26
DA:269,3
DA:276,3
DA:285,11
DA:289,11
DA:290,5
DA:295,11
DA:302,11
DA:303,11
DA:304,10
DA:305,10
DA:306,10
DA:310,11
DA:320,0
DA:325,0
DA:327,0
DA:328,0
DA:332,0
DA:333,0
DA:340,0
DA:347,0
DA:348,0
DA:355,0
DA:356,0
DA:357,0
DA:358,0
DA:366,0
DA:367,0
DA:368,0
DA:369,0
DA:376,0
DA:380,21
LF:96
LH:74
BRDA:36,0,0,5
BRDA:38,1,0,108
BRDA:38,1,1,102
BRDA:40,2,0,108
BRDA:40,2,1,108
BRDA:41,3,0,108
BRDA:41,3,1,108
BRDA:42,4,0,108
BRDA:42,4,1,108
BRDA:43,5,0,108
BRDA:43,5,1,108
BRDA:44,6,0,108
BRDA:44,6,1,108
BRDA:59,7,0,5
BRDA:69,8,0,1
BRDA:73,9,0,1
BRDA:73,9,1,0
BRDA:74,10,0,1
BRDA:74,10,1,0
BRDA:76,11,0,1
BRDA:76,11,1,0
BRDA:93,12,0,10
BRDA:93,12,1,3
BRDA:94,13,0,10
BRDA:94,13,1,4
BRDA:124,14,0,0
BRDA:130,15,0,26
BRDA:133,16,0,26
BRDA:133,16,1,0
BRDA:135,17,0,0
BRDA:135,17,1,0
BRDA:137,18,0,26
BRDA:137,18,1,4
BRDA:138,19,0,26
BRDA:138,19,1,7
BRDA:138,20,0,17
BRDA:138,20,1,9
BRDA:144,21,0,17
BRDA:144,21,1,9
BRDA:150,22,0,26
BRDA:150,22,1,4
BRDA:150,23,0,17
BRDA:150,23,1,9
BRDA:153,24,0,26
BRDA:153,24,1,0
BRDA:156,25,0,26
BRDA:156,25,1,11
BRDA:156,26,0,17
BRDA:156,26,1,9
BRDA:157,27,0,17
BRDA:157,27,1,9
BRDA:157,28,0,9
BRDA:157,28,1,3
BRDA:158,29,0,17
BRDA:158,29,1,9
BRDA:161,30,0,26
BRDA:161,30,1,0
BRDA:166,31,0,26
BRDA:166,31,1,1
BRDA:166,31,2,26
BRDA:169,32,0,26
BRDA:169,32,1,9
BRDA:169,32,2,4
BRDA:175,33,0,26
BRDA:175,33,1,4
BRDA:175,33,2,25
BRDA:178,34,0,0
BRDA:179,35,0,26
BRDA:179,35,1,3
BRDA:179,35,2,1
BRDA:189,36,0,26
BRDA:189,36,1,4
BRDA:194,37,0,26
BRDA:194,37,1,4
BRDA:201,38,0,26
BRDA:201,38,1,0
BRDA:204,39,0,1
BRDA:204,39,1,25
BRDA:205,40,0,26
BRDA:205,40,1,1
BRDA:205,40,2,0
BRDA:212,41,0,1
BRDA:212,41,1,24
BRDA:213,42,0,25
BRDA:213,42,1,7
BRDA:213,42,2,6
BRDA:220,43,0,1
BRDA:221,44,0,0
BRDA:221,44,1,1
BRDA:226,45,0,1
BRDA:226,46,0,1
BRDA:226,46,1,1
BRDA:235,47,0,3
BRDA:255,48,0,17
BRDA:255,48,1,9
BRDA:276,49,0,3
BRDA:276,49,1,0
BRDA:289,50,0,5
BRDA:304,51,0,7
BRDA:304,51,1,3
BRDA:304,52,0,3
BRDA:304,52,1,3
BRDA:305,53,0,10
BRDA:305,54,0,10
BRDA:305,54,1,0
BRDA:320,55,0,0
BRDA:320,55,1,0
BRDA:321,56,0,0
BRDA:321,56,1,0
BRDA:325,57,0,0
BRDA:325,57,1,0
BRDA:327,58,0,0
BRDA:332,59,0,0
BRDA:347,60,0,0
BRDA:347,61,0,0
BRDA:347,61,1,0
BRDA:355,62,0,0
BRDA:355,63,0,0
BRDA:355,63,1,0
BRDA:356,64,0,0
BRDA:356,64,1,0
BRDA:357,65,0,0
BRDA:366,66,0,0
BRDA:366,67,0,0
BRDA:366,67,1,0
BRDA:367,68,0,0
BRDA:367,68,1,0
BRDA:368,69,0,0
BRDA:368,70,0,0
BRDA:368,70,1,0
BRDA:385,71,0,21
BRDA:385,71,1,0
BRDA:388,72,0,18
BRDA:388,72,1,3
BRDA:390,73,0,3
BRDA:390,73,1,3
BRF:136
BRH:95
end_of_record
TN:
SF:src/agentic/CognitiveRepository.ts
FN:10,(anonymous_0)
FN:19,(anonymous_1)
FN:59,(anonymous_2)
FN:71,(anonymous_3)
FN:76,(anonymous_4)
FN:81,(anonymous_5)
FN:87,(anonymous_6)
FN:90,(anonymous_7)
FN:93,(anonymous_8)
FN:96,(anonymous_9)
FN:101,(anonymous_10)
FN:109,(anonymous_11)
FNF:12
FNH:5
FNDA:32,(anonymous_0)
FNDA:26,(anonymous_1)
FNDA:0,(anonymous_2)
FNDA:26,(anonymous_3)
FNDA:0,(anonymous_4)
FNDA:0,(anonymous_5)
FNDA:0,(anonymous_6)
FNDA:0,(anonymous_7)
FNDA:0,(anonymous_8)
FNDA:0,(anonymous_9)
FNDA:32,(anonymous_10)
FNDA:136,(anonymous_11)
DA:3,22
DA:9,22
DA:11,32
DA:12,32
DA:13,32
DA:25,26
DA:26,0
DA:29,26
DA:35,0
DA:36,0
DA:45,0
DA:46,0
DA:54,0
DA:55,0
DA:59,0
DA:60,0
DA:61,0
DA:68,0
DA:72,26
DA:73,0
DA:77,0
DA:78,0
DA:82,0
DA:83,0
DA:88,0
DA:91,0
DA:94,0
DA:97,0
DA:106,32
DA:108,32
DA:110,136
DA:111,130
DA:113,6
LF:33
LH:13
BRDA:25,0,0,0
BRDA:35,1,0,0
BRDA:45,2,0,0
BRDA:54,3,0,0
BRDA:54,4,0,0
BRDA:54,4,1,0
BRDA:60,5,0,0
BRDA:110,6,0,130
BRF:8
BRH:1
end_of_record
TN:
SF:src/agentic/ContextBuffer.ts
FN:12,(anonymous_0)
FN:20,(anonymous_1)
FN:29,(anonymous_2)
FN:38,(anonymous_3)
FN:46,(anonymous_4)
FN:61,(anonymous_5)
FN:68,(anonymous_6)
FN:90,(anonymous_7)
FN:98,(anonymous_8)
FN:100,(anonymous_9)
FN:107,(anonymous_10)
FN:115,(anonymous_11)
FN:124,(anonymous_12)
FN:126,(anonymous_13)
FN:131,(anonymous_14)
FN:145,(anonymous_15)
FN:161,(anonymous_16)
FN:170,(anonymous_17)
FNF:18
FNH:15
FNDA:109,(anonymous_0)
FNDA:15,(anonymous_1)
FNDA:0,(anonymous_2)
FNDA:0,(anonymous_3)
FNDA:4,(anonymous_4)
FNDA:10,(anonymous_5)
FNDA:6,(anonymous_6)
FNDA:13,(anonymous_7)
FNDA:1,(anonymous_8)
FNDA:1,(anonymous_9)
FNDA:0,(anonymous_10)
FNDA:2,(anonymous_11)
FNDA:2,(anonymous_12)
FNDA:1,(anonymous_13)
FNDA:15,(anonymous_14)
FNDA:2,(anonymous_15)
FNDA:4,(anonymous_16)
FNDA:14,(anonymous_17)
DA:7,24
DA:8,109
DA:13,109
DA:14,109
DA:21,15
DA:23,15
DA:30,0
DA:32,0
DA:39,0
DA:49,4
DA:50,4
DA:53,4
DA:57,4
DA:58,4
DA:61,10
DA:68,4
DA:69,6
DA:70,5
DA:73,4
DA:74,4
DA:78,4
DA:79,10
DA:83,7
DA:84,7
DA:89,4
DA:90,13
DA:92,4
DA:99,1
DA:100,1
DA:108,0
DA:109,0
DA:116,2
DA:125,2
DA:126,1
DA:133,15
DA:135,1
DA:136,1
DA:140,1
DA:145,1
DA:146,2
DA:147,2
DA:148,2
DA:150,1
DA:156,1
DA:159,1
DA:160,1
DA:161,4
DA:164,1
DA:171,14
DA:176,14
DA:179,14
DA:180,14
LF:52
LH:47
BRDA:12,0,0,0
BRDA:13,1,0,109
BRDA:13,1,1,104
BRDA:14,2,0,109
BRDA:14,2,1,104
BRDA:47,3,0,3
BRDA:49,4,0,4
BRDA:49,4,1,4
BRDA:50,5,0,4
BRDA:50,5,1,4
BRDA:53,6,0,3
BRDA:53,6,1,1
BRDA:53,7,0,4
BRDA:53,7,1,4
BRDA:57,8,0,3
BRDA:57,8,1,1
BRDA:58,9,0,3
BRDA:58,9,1,1
BRDA:69,10,0,1
BRDA:69,11,0,0
BRDA:69,11,1,1
BRDA:74,12,0,3
BRDA:74,12,1,1
BRDA:79,13,0,7
BRDA:80,14,0,10
BRDA:80,14,1,8
BRDA:90,15,0,13
BRDA:90,15,1,10
BRDA:108,16,0,0
BRDA:108,16,1,0
BRDA:133,17,0,1
BRDA:135,18,0,1
BRDA:135,18,1,0
BRDA:140,19,0,1
BRDA:140,19,1,0
BRDA:146,20,0,0
BRDA:146,20,1,2
BRDA:147,21,0,1
BRDA:147,21,1,1
BRDA:148,22,0,1
BRDA:156,23,0,1
BRDA:156,23,1,0
BRDA:156,24,0,1
BRDA:156,24,1,0
BRDA:161,25,0,4
BRDA:161,25,1,3
BRDA:171,26,0,0
BRDA:176,27,0,14
BRDA:176,27,1,14
BRDA:176,27,2,14
BRDA:179,28,0,0
BRDA:179,28,1,14
BRF:52
BRH:41
end_of_record
TN:
SF:src/agentic/Cortex.ts
FN:83,(anonymous_0)
FN:140,(anonymous_1)
FN:153,(anonymous_2)
FN:154,(anonymous_3)
FN:157,(anonymous_4)
FN:160,(anonymous_5)
FN:161,(anonymous_6)
FN:162,(anonymous_7)
FN:165,(anonymous_8)
FN:168,(anonymous_9)
FN:171,(anonymous_10)
FN:172,(anonymous_11)
FN:175,(anonymous_12)
FN:206,(anonymous_13)
FN:218,(anonymous_14)
FNF:15
FNH:1
FNDA:103,(anonymous_0)
FNDA:0,(anonymous_1)
FNDA:0,(anonymous_2)
FNDA:0,(anonymous_3)
FNDA:0,(anonymous_4)
FNDA:0,(anonymous_5)
FNDA:0,(anonymous_6)
FNDA:0,(anonymous_7)
FNDA:0,(anonymous_8)
FNDA:0,(anonymous_9)
FNDA:0,(anonymous_10)
FNDA:0,(anonymous_11)
FNDA:0,(anonymous_12)
FNDA:0,(anonymous_13)
FNDA:0,(anonymous_14)
DA:8,22
DA:9,22
DA:10,22
DA:11,22
DA:12,22
DA:13,22
DA:14,22
DA:15,22
DA:16,22
DA:17,22
DA:18,22
DA:19,22
DA:20,22
DA:21,22
DA:22,22
DA:23,22
DA:24,22
DA:25,22
DA:26,22
DA:27,22
DA:28,22
DA:29,22
DA:30,22
DA:31,22
DA:32,22
DA:33,22
DA:34,22
DA:35,22
DA:36,22
DA:37,22
DA:38,22
DA:39,22
DA:45,22
DA:84,103
DA:85,103
DA:87,103
DA:88,103
DA:89,103
DA:90,103
DA:91,103
DA:93,103
DA:94,103
DA:95,103
DA:98,103
DA:105,103
DA:106,103
DA:107,103
DA:108,103
DA:109,103
DA:110,103
DA:111,103
DA:112,103
DA:113,103
DA:114,103
DA:115,103
DA:116,103
DA:117,103
DA:118,103
DA:119,103
DA:120,103
DA:121,103
DA:122,103
DA:123,103
DA:124,103
DA:125,103
DA:126,103
DA:127,103
DA:128,103
DA:129,103
DA:130,103
DA:131,103
DA:132,103
DA:135,103
DA:141,0
DA:142,0
DA:143,0
DA:146,0
DA:147,0
DA:151,0
DA:153,0
DA:154,0
DA:157,0
DA:160,0
DA:161,0
DA:162,0
DA:165,0
DA:168,0
DA:171,0
DA:172,0
DA:175,0
DA:177,0
DA:179,0
DA:180,0
DA:184,0
DA:192,0
DA:193,0
DA:195,0
DA:196,0
DA:210,0
DA:211,0
DA:212,0
DA:224,0
DA:228,0
DA:229,0
DA:234,0
DA:235,0
LF:106
LH:73
BRDA:87,0,0,103
BRDA:87,0,1,94
BRDA:89,1,0,103
BRDA:89,1,1,99
BRDA:90,2,0,103
BRDA:90,2,1,99
BRDA:91,3,0,103
BRDA:91,3,1,99
BRDA:98,4,0,0
BRDA:98,4,1,103
BRDA:141,5,0,0
BRDA:208,6,0,0
BRDA:222,7,0,0
BRDA:228,8,0,0
BRDA:228,8,1,0
BRDA:228,9,0,0
BRDA:228,9,1,0
BRDA:234,10,0,0
BRDA:234,11,0,0
BRDA:234,11,1,0
BRDA:234,11,2,0
BRF:21
BRH:9
end_of_record
TN:
SF:src/agentic/EpisodicMemory.ts
FN:26,(anonymous_0)
FN:33,(anonymous_1)
FN:40,(anonymous_2)
FN:63,(anonymous_3)
FN:68,(anonymous_4)
FN:105,(anonymous_5)
FN:120,(anonymous_6)
FN:126,(anonymous_7)
FN:135,(anonymous_8)
FN:138,(anonymous_9)
FNF:10
FNH:6
FNDA:105,(anonymous_0)
FNDA:3,(anonymous_1)
FNDA:3,(anonymous_2)
FNDA:2,(anonymous_3)
FNDA:2,(anonymous_4)
FNDA:0,(anonymous_5)
FNDA:0,(anonymous_6)
FNDA:0,(anonymous_7)
FNDA:0,(anonymous_8)
FNDA:3,(anonymous_9)
DA:23,22
DA:27,105
DA:28,105
DA:30,105
DA:34,3
DA:45,3
DA:57,3
DA:68,2
DA:69,2
DA:76,0
DA:79,0
DA:83,0
DA:85,0
DA:97,0
DA:109,0
DA:111,0
DA:120,0
DA:127,0
DA:135,0
DA:139,3
LF:20
LH:10
BRDA:28,0,0,2
BRDA:30,1,0,105
BRDA:30,1,1,105
BRDA:52,2,0,1
BRDA:52,2,1,2
BRDA:76,3,0,0
BRDA:79,4,0,0
BRDA:79,4,1,0
BRDA:81,5,0,0
BRDA:81,5,1,0
BRDA:107,6,0,0
BRDA:109,7,0,0
BRDA:109,8,0,0
BRDA:126,9,0,0
BRDA:143,10,0,3
BRDA:143,10,1,3
BRDA:146,11,0,0
BRDA:146,11,1,3
BRDA:148,12,0,1
BRDA:148,12,1,2
BRDA:150,13,0,2
BRDA:150,13,1,2
BRF:22
BRH:12
end_of_record
TN:
SF:src/agentic/PersonaManager.ts
FN:25,(anonymous_0)
FN:32,(anonymous_1)
FN:39,(anonymous_2)
FN:48,(anonymous_3)
FN:98,(anonymous_4)
FN:111,(anonymous_5)
FN:123,(anonymous_6)
FN:130,(anonymous_7)
FN:133,(anonymous_8)
FNF:9
FNH:1
FNDA:103,(anonymous_0)
FNDA:0,(anonymous_1)
FNDA:0,(anonymous_2)
FNDA:0,(anonymous_3)
FNDA:0,(anonymous_4)
FNDA:0,(anonymous_5)
FNDA:0,(anonymous_6)
FNDA:0,(anonymous_7)
FNDA:0,(anonymous_8)
DA:22,22
DA:26,103
DA:27,103
DA:29,103
DA:33,0
DA:48,0
DA:49,0
DA:55,0
DA:56,0
DA:59,0
DA:61,0
DA:72,0
DA:73,0
DA:79,0
DA:82,0
DA:91,0
DA:99,0
DA:105,0
DA:112,0
DA:117,0
DA:124,0
DA:130,0
DA:134,0
LF:23
LH:4
BRDA:27,0,0,0
BRDA:29,1,0,103
BRDA:29,1,1,99
BRDA:41,2,0,0
BRDA:55,3,0,0
BRDA:63,4,0,0
BRDA:63,4,1,0
BRDA:64,5,0,0
BRDA:64,5,1,0
BRDA:67,6,0,0
BRDA:67,6,1,0
BRDA:68,7,0,0
BRDA:68,7,1,0
BRDA:72,8,0,0
BRDA:105,9,0,0
BRDA:105,9,1,0
BRDA:117,10,0,0
BRDA:117,10,1,0
BRDA:137,11,0,0
BRDA:137,11,1,0
BRDA:139,12,0,0
BRDA:139,12,1,0
BRDA:141,13,0,0
BRDA:141,13,1,0
BRDA:143,14,0,0
BRDA:143,14,1,0
BRDA:145,15,0,0
BRDA:145,15,1,0
BRDA:147,16,0,0
BRDA:147,16,1,0
BRDA:149,17,0,0
BRDA:149,17,1,0
BRF:32
BRH:2
end_of_record
TN:
SF:src/agentic/PolicyEnforcer.ts
FN:33,(anonymous_0)
FN:41,(anonymous_1)
FN:48,(anonymous_2)
FN:54,(anonymous_3)
FN:108,(anonymous_4)
FN:213,(anonymous_5)
FN:242,(anonymous_6)
FN:249,(anonymous_7)
FN:252,(anonymous_8)
FN:282,(anonymous_9)
FN:293,(anonymous_10)
FNF:11
FNH:11
FNDA:107,(anonymous_0)
FNDA:10,(anonymous_1)
FNDA:5,(anonymous_2)
FNDA:5,(anonymous_3)
FNDA:8,(anonymous_4)
FNDA:1,(anonymous_5)
FNDA:1,(anonymous_6)
FNDA:2,(anonymous_7)
FNDA:2,(anonymous_8)
FNDA:1,(anonymous_9)
FNDA:7,(anonymous_10)
DA:28,22
DA:31,107
DA:34,107
DA:35,107
DA:37,107
DA:38,107
DA:42,10
DA:54,5
DA:55,5
DA:61,5
DA:62,0
DA:65,5
DA:67,5
DA:68,0
DA:80,0
DA:83,5
DA:96,5
DA:114,8
DA:115,0
DA:120,8
DA:122,8
DA:129,8
DA:131,8
DA:134,8
DA:135,5
DA:136,2
DA:141,3
DA:142,0
DA:150,6
DA:153,3
DA:154,0
DA:157,3
DA:158,3
DA:159,0
DA:162,3
DA:163,3
DA:164,3
DA:165,3
DA:166,0
DA:171,3
DA:172,2
DA:178,0
DA:183,4
DA:184,2
DA:185,2
DA:187,2
DA:188,2
DA:189,1
DA:198,3
DA:199,0
DA:200,0
DA:201,0
DA:202,0
DA:207,3
DA:216,1
DA:217,1
DA:219,1
DA:221,2
DA:222,1
DA:223,1
DA:227,2
DA:228,1
DA:229,1
DA:233,1
DA:243,1
DA:249,2
DA:256,2
DA:257,2
DA:258,2
DA:259,2
DA:261,2
DA:262,1
DA:266,1
DA:267,0
DA:268,0
DA:269,0
DA:273,1
DA:274,1
DA:275,1
DA:276,0
DA:277,0
DA:280,1
DA:282,1
DA:287,1
DA:288,1
DA:290,1
DA:294,7
LF:87
LH:69
BRDA:35,0,0,4
BRDA:37,1,0,107
BRDA:37,1,1,107
BRDA:38,2,0,107
BRDA:38,2,1,106
BRDA:52,3,0,5
BRDA:61,4,0,0
BRDA:67,5,0,0
BRDA:111,6,0,8
BRDA:114,7,0,0
BRDA:129,8,0,0
BRDA:134,9,0,5
BRDA:135,10,0,2
BRDA:135,11,0,5
BRDA:135,11,1,3
BRDA:141,12,0,0
BRDA:141,13,0,3
BRDA:141,13,1,0
BRDA:150,14,0,3
BRDA:150,15,0,6
BRDA:150,15,1,3
BRDA:153,16,0,0
BRDA:158,17,0,0
BRDA:162,18,0,3
BRDA:162,18,1,3
BRDA:165,19,0,0
BRDA:165,20,0,3
BRDA:165,20,1,0
BRDA:171,21,0,2
BRDA:171,22,0,3
BRDA:171,22,1,3
BRDA:183,23,0,2
BRDA:183,24,0,4
BRDA:183,24,1,2
BRDA:184,25,0,2
BRDA:184,25,1,0
BRDA:185,26,0,2
BRDA:185,26,1,0
BRDA:188,27,0,1
BRDA:188,28,0,2
BRDA:188,28,1,0
BRDA:198,29,0,0
BRDA:198,30,0,3
BRDA:198,30,1,0
BRDA:201,31,0,0
BRDA:221,32,0,1
BRDA:223,33,0,1
BRDA:227,34,0,1
BRDA:227,35,0,2
BRDA:227,35,1,1
BRDA:229,36,0,1
BRDA:259,37,0,2
BRDA:259,37,1,2
BRDA:261,38,0,1
BRDA:261,39,0,2
BRDA:261,39,1,1
BRDA:266,40,0,0
BRDA:268,41,0,0
BRDA:274,42,0,1
BRDA:274,42,1,0
BRDA:276,43,0,0
BRDA:287,44,0,1
BRDA:287,44,1,0
BRDA:299,45,0,7
BRDA:299,45,1,0
BRDA:304,46,0,0
BRDA:304,46,1,7
BRDA:306,47,0,7
BRDA:306,47,1,7
BRF:69
BRH:46
end_of_record
TN:
SF:src/agentic/ResourceMonitor.ts
FN:28,(anonymous_0)
FN:35,(anonymous_1)
FN:42,(anonymous_2)
FN:75,(anonymous_3)
FN:119,(anonymous_4)
FN:122,(anonymous_5)
FN:132,(anonymous_6)
FN:135,(anonymous_7)
FN:144,(anonymous_8)
FN:151,(anonymous_9)
FN:161,(anonymous_10)
FN:166,(anonymous_11)
FN:173,(anonymous_12)
FNF:13
FNH:12
FNDA:105,(anonymous_0)
FNDA:7,(anonymous_1)
FNDA:4,(anonymous_2)
FNDA:0,(anonymous_3)
FNDA:1,(anonymous_4)
FNDA:1,(anonymous_5)
FNDA:1,(anonymous_6)
FNDA:1,(anonymous_7)
FNDA:1,(anonymous_8)
FNDA:1,(anonymous_9)
FNDA:1,(anonymous_10)
FNDA:2,(anonymous_11)
FNDA:4,(anonymous_12)
DA:25,22
DA:29,105
DA:30,105
DA:32,105
DA:36,7
DA:51,4
DA:67,4
DA:81,0
DA:82,0
DA:83,0
DA:85,0
DA:86,0
DA:88,0
DA:92,0
DA:96,0
DA:99,0
DA:100,0
DA:104,0
DA:108,0
DA:111,0
DA:113,0
DA:120,1
DA:122,1
DA:126,1
DA:133,1
DA:135,1
DA:138,1
DA:147,1
DA:152,1
DA:161,1
DA:166,2
DA:174,4
LF:32
LH:18
BRDA:30,0,0,2
BRDA:32,1,0,105
BRDA:32,1,1,105
BRDA:55,2,0,4
BRDA:55,2,1,4
BRDA:59,3,0,4
BRDA:59,3,1,0
BRDA:61,4,0,0
BRDA:61,4,1,4
BRDA:78,5,0,0
BRDA:83,6,0,0
BRDA:83,6,1,0
BRDA:96,7,0,0
BRDA:96,8,0,0
BRDA:96,8,1,0
BRDA:99,9,0,0
BRDA:104,10,0,0
BRDA:104,11,0,0
BRDA:104,11,1,0
BRDA:111,12,0,0
BRDA:111,13,0,0
BRDA:111,13,1,0
BRDA:126,14,0,1
BRDA:126,14,1,0
BRDA:138,15,0,1
BRDA:138,15,1,0
BRF:26
BRH:9
end_of_record
TN:
SF:src/agentic/SessionCompressor.ts
FN:11,(anonymous_0)
FN:21,(anonymous_1)
FN:56,(anonymous_2)
FN:72,(anonymous_3)
FN:98,(anonymous_4)
FN:109,(anonymous_5)
FN:148,(anonymous_6)
FN:159,(anonymous_7)
FN:167,(anonymous_8)
FN:170,(anonymous_9)
FNF:10
FNH:1
FNDA:107,(anonymous_0)
FNDA:0,(anonymous_1)
FNDA:0,(anonymous_2)
FNDA:0,(anonymous_3)
FNDA:0,(anonymous_4)
FNDA:0,(anonymous_5)
FNDA:0,(anonymous_6)
FNDA:0,(anonymous_7)
FNDA:0,(anonymous_8)
FNDA:0,(anonymous_9)
DA:8,23
DA:12,107
DA:13,107
DA:15,107
DA:29,0
DA:33,0
DA:49,0
DA:60,0
DA:64,0
DA:66,0
DA:70,0
DA:72,0
DA:73,0
DA:83,0
DA:84,0
DA:87,0
DA:89,0
DA:92,0
DA:99,0
DA:100,0
DA:101,0
DA:106,0
DA:109,0
DA:113,0
DA:120,0
DA:131,0
DA:132,0
DA:148,0
DA:149,0
DA:160,0
DA:167,0
DA:171,0
LF:32
LH:4
BRDA:13,0,0,4
BRDA:15,1,0,107
BRDA:15,1,1,107
BRDA:26,2,0,0
BRDA:41,3,0,0
BRDA:41,3,1,0
BRDA:41,4,0,0
BRDA:41,4,1,0
BRDA:58,5,0,0
BRDA:64,6,0,0
BRDA:64,6,1,0
BRDA:70,7,0,0
BRDA:84,8,0,0
BRDA:84,8,1,0
BRDA:100,9,0,0
BRDA:131,10,0,0
BRDA:131,10,1,0
BRDA:177,11,0,0
BRDA:177,11,1,0
BRF:19
BRH:3
end_of_record
TN:
SF:src/agentic/SessionManager.ts
FN:64,(anonymous_0)
FN:75,(anonymous_1)
FN:82,(anonymous_2)
FN:104,(anonymous_3)
FN:117,(anonymous_4)
FN:131,(anonymous_5)
FN:132,(anonymous_6)
FN:158,(anonymous_7)
FN:164,(anonymous_8)
FN:191,(anonymous_9)
FN:203,(anonymous_10)
FN:209,(anonymous_11)
FN:221,(anonymous_12)
FN:279,(anonymous_13)
FN:294,(anonymous_14)
FN:300,(anonymous_15)
FN:312,(anonymous_16)
FN:316,(anonymous_17)
FN:344,(anonymous_18)
FN:358,(anonymous_19)
FN:372,(anonymous_20)
FNF:21
FNH:12
FNDA:202,(anonymous_0)
FNDA:7,(anonymous_1)
FNDA:4,(anonymous_2)
FNDA:2,(anonymous_3)
FNDA:0,(anonymous_4)
FNDA:0,(anonymous_5)
FNDA:0,(anonymous_6)
FNDA:3,(anonymous_7)
FNDA:3,(anonymous_8)
FNDA:1,(anonymous_9)
FNDA:2,(anonymous_10)
FNDA:2,(anonymous_11)
FNDA:2,(anonymous_12)
FNDA:0,(anonymous_13)
FNDA:0,(anonymous_14)
FNDA:0,(anonymous_15)
FNDA:0,(anonymous_16)
FNDA:0,(anonymous_17)
FNDA:6,(anonymous_18)
FNDA:5,(anonymous_19)
FNDA:0,(anonymous_20)
DA:58,22
DA:65,202
DA:66,202
DA:67,202
DA:69,202
DA:70,202
DA:71,202
DA:72,202
DA:76,7
DA:86,4
DA:98,4
DA:105,2
DA:111,2
DA:118,0
DA:125,0
DA:132,0
DA:134,0
DA:138,0
DA:142,0
DA:148,0
DA:164,3
DA:165,3
DA:178,3
DA:184,3
DA:195,1
DA:203,2
DA:219,2
DA:221,2
DA:222,2
DA:230,0
DA:231,0
DA:242,0
DA:245,0
DA:260,0
DA:263,0
DA:264,0
DA:272,0
DA:283,0
DA:289,0
DA:290,0
DA:293,0
DA:294,0
DA:301,0
DA:306,0
DA:316,0
DA:317,0
DA:325,0
DA:329,0
DA:331,0
DA:341,0
DA:345,6
DA:359,5
DA:373,0
LF:53
LH:24
BRDA:66,0,0,4
BRDA:69,1,0,202
BRDA:69,1,1,202
BRDA:70,2,0,202
BRDA:70,2,1,202
BRDA:71,3,0,202
BRDA:71,3,1,202
BRDA:72,4,0,202
BRDA:72,4,1,198
BRDA:89,5,0,4
BRDA:89,5,1,3
BRDA:91,6,0,0
BRDA:91,6,1,4
BRDA:111,7,0,2
BRDA:111,7,1,0
BRDA:171,8,0,0
BRDA:171,8,1,3
BRDA:193,9,0,1
BRDA:212,10,0,1
BRDA:219,11,0,2
BRDA:219,12,0,1
BRDA:230,13,0,0
BRDA:236,14,0,0
BRDA:236,14,1,0
BRDA:249,15,0,0
BRDA:249,15,1,0
BRDA:253,16,0,0
BRDA:253,16,1,0
BRDA:263,17,0,0
BRDA:289,18,0,0
BRDA:306,19,0,0
BRDA:306,19,1,0
BRDA:325,20,0,0
BRDA:325,20,1,0
BRDA:327,21,0,0
BRDA:327,21,1,0
BRDA:350,22,0,0
BRDA:350,22,1,6
BRDA:352,23,0,6
BRDA:352,23,1,6
BRDA:365,24,0,0
BRDA:365,24,1,5
BRDA:367,25,0,5
BRDA:367,25,1,5
BRDA:381,26,0,0
BRDA:381,26,1,0
BRDA:383,27,0,0
BRDA:383,27,1,0
BRF:48
BRH:24
end_of_record
TN:
SF:src/agentic/VectorIndexer.ts
FN:24,(anonymous_0)
FN:32,(anonymous_1)
FN:39,(anonymous_2)
FN:64,(anonymous_3)
FN:77,(anonymous_4)
FN:91,(anonymous_5)
FN:101,(anonymous_6)
FN:118,(anonymous_7)
FN:127,(anonymous_8)
FN:133,(anonymous_9)
FN:140,(anonymous_10)
FN:164,(anonymous_11)
FN:174,(anonymous_12)
FN:176,(anonymous_13)
FN:189,(anonymous_14)
FN:199,(anonymous_15)
FN:211,(anonymous_16)
FN:223,(anonymous_17)
FN:238,(anonymous_18)
FN:245,(anonymous_19)
FN:257,(anonymous_20)
FN:264,(anonymous_21)
FN:272,(anonymous_22)
FN:273,(anonymous_23)
FN:276,(anonymous_24)
FN:293,(anonymous_25)
FN:306,(anonymous_26)
FNF:27
FNH:10
FNDA:4,(anonymous_0)
FNDA:0,(anonymous_1)
FNDA:0,(anonymous_2)
FNDA:0,(anonymous_3)
FNDA:0,(anonymous_4)
FNDA:0,(anonymous_5)
FNDA:1,(anonymous_6)
FNDA:0,(anonymous_7)
FNDA:0,(anonymous_8)
FNDA:0,(anonymous_9)
FNDA:2,(anonymous_10)
FNDA:0,(anonymous_11)
FNDA:0,(anonymous_12)
FNDA:0,(anonymous_13)
FNDA:2,(anonymous_14)
FNDA:0,(anonymous_15)
FNDA:0,(anonymous_16)
FNDA:0,(anonymous_17)
FNDA:0,(anonymous_18)
FNDA:1,(anonymous_19)
FNDA:2,(anonymous_20)
FNDA:0,(anonymous_21)
FNDA:1,(anonymous_22)
FNDA:2,(anonymous_23)
FNDA:0,(anonymous_24)
FNDA:2,(anonymous_25)
FNDA:2,(anonymous_26)
DA:21,23
DA:25,4
DA:26,4
DA:29,4
DA:33,0
DA:45,0
DA:57,0
DA:72,0
DA:73,0
DA:75,0
DA:76,0
DA:77,0
DA:85,0
DA:91,0
DA:94,0
DA:110,1
DA:112,1
DA:114,1
DA:115,0
DA:119,0
DA:123,0
DA:124,0
DA:126,0
DA:127,0
DA:128,1
DA:129,1
DA:130,1
DA:134,0
DA:140,2
DA:142,0
DA:149,1
DA:152,0
DA:158,0
DA:159,0
DA:162,0
DA:164,0
DA:166,0
DA:169,0
DA:170,0
DA:173,0
DA:174,0
DA:176,0
DA:180,1
DA:181,1
DA:182,0
DA:186,1
DA:189,1
DA:190,2
DA:191,2
DA:193,2
DA:196,1
DA:203,0
DA:205,0
DA:208,0
DA:210,0
DA:211,0
DA:212,0
DA:219,0
DA:221,0
DA:223,0
DA:224,0
DA:230,0
DA:233,0
DA:234,0
DA:237,0
DA:238,0
DA:254,1
DA:257,1
DA:258,2
DA:259,2
DA:260,2
DA:264,1
DA:265,0
DA:266,0
DA:267,0
DA:271,1
DA:272,1
DA:273,2
DA:280,0
DA:281,0
DA:283,0
DA:284,0
DA:285,0
DA:286,0
DA:290,0
DA:294,2
DA:295,2
DA:296,2
DA:297,2
DA:298,2
DA:299,4
DA:300,4
DA:301,4
DA:303,2
DA:307,2
LF:95
LH:39
BRDA:27,0,0,4
BRDA:50,1,0,0
BRDA:50,1,1,0
BRDA:51,2,0,0
BRDA:51,2,1,0
BRDA:80,3,0,0
BRDA:80,3,1,0
BRDA:81,4,0,0
BRDA:81,4,1,0
BRDA:103,5,0,0
BRDA:110,6,0,1
BRDA:110,7,0,0
BRDA:114,8,0,0
BRDA:114,8,1,1
BRDA:123,9,0,0
BRDA:128,10,0,1
BRDA:149,11,0,0
BRDA:158,12,0,0
BRDA:166,13,0,0
BRDA:166,13,1,0
BRDA:168,14,0,0
BRDA:168,14,1,0
BRDA:181,15,0,0
BRDA:190,16,0,2
BRDA:190,16,1,0
BRDA:208,17,0,0
BRDA:208,17,1,0
BRDA:221,18,0,0
BRDA:221,18,1,0
BRDA:233,19,0,0
BRDA:249,20,0,1
BRDA:259,21,0,2
BRDA:266,22,0,0
BRDA:284,23,0,0
BRDA:294,24,0,0
BRDA:294,25,0,2
BRDA:294,25,1,2
BRDA:312,26,0,2
BRDA:312,26,1,0
BRDA:314,27,0,0
BRDA:314,27,1,0
BRDA:316,28,0,0
BRDA:316,28,1,2
BRDA:318,29,0,2
BRDA:318,29,1,2
BRF:45
BRH:13
end_of_record
TN:
SF:src/agentic/improvement/AblationEngine.ts
FN:19,(anonymous_0)
FN:29,(anonymous_1)
FN:36,(anonymous_2)
FN:40,(anonymous_3)
FN:46,(anonymous_4)
FN:54,(anonymous_5)
FN:57,(anonymous_6)
FN:65,(anonymous_7)
FN:89,(anonymous_8)
FN:93,(anonymous_9)
FN:119,(anonymous_10)
FN:123,(anonymous_11)
FN:141,(anonymous_12)
FN:166,(anonymous_13)
FN:169,(anonymous_14)
FN:216,(anonymous_15)
FN:217,(anonymous_16)
FNF:17
FNH:8
FNDA:105,(anonymous_0)
FNDA:0,(anonymous_1)
FNDA:1,(anonymous_2)
FNDA:1,(anonymous_3)
FNDA:1,(anonymous_4)
FNDA:1,(anonymous_5)
FNDA:1,(anonymous_6)
FNDA:0,(anonymous_7)
FNDA:0,(anonymous_8)
FNDA:0,(anonymous_9)
FNDA:0,(anonymous_10)
FNDA:0,(anonymous_11)
FNDA:0,(anonymous_12)
FNDA:1,(anonymous_13)
FNDA:1,(anonymous_14)
FNDA:0,(anonymous_15)
FNDA:0,(anonymous_16)
DA:14,22
DA:20,105
DA:21,105
DA:22,105
DA:24,105
DA:25,105
DA:26,105
DA:30,0
DA:37,1
DA:38,1
DA:40,1
DA:43,1
DA:47,1
DA:55,1
DA:58,1
DA:64,0
DA:65,0
DA:66,0
DA:68,0
DA:70,0
DA:71,0
DA:72,0
DA:73,0
DA:77,0
DA:78,0
DA:82,0
DA:87,0
DA:90,0
DA:94,0
DA:103,0
DA:105,0
DA:106,0
DA:111,0
DA:123,0
DA:124,0
DA:125,0
DA:128,0
DA:129,0
DA:134,0
DA:141,0
DA:142,0
DA:143,0
DA:144,0
DA:147,0
DA:148,0
DA:149,0
DA:150,0
DA:153,0
DA:156,0
DA:159,0
DA:167,1
DA:169,1
DA:170,1
DA:177,0
DA:180,0
DA:184,0
DA:195,0
DA:209,0
DA:217,0
DA:218,0
DA:225,0
DA:228,0
DA:232,0
DA:234,0
DA:235,0
DA:236,0
DA:237,0
DA:239,0
DA:249,0
DA:252,0
DA:255,0
DA:256,0
DA:258,0
LF:73
LH:17
BRDA:22,0,0,2
BRDA:24,1,0,105
BRDA:24,1,1,100
BRDA:25,2,0,105
BRDA:25,2,1,105
BRDA:36,3,0,0
BRDA:64,4,0,0
BRDA:72,5,0,0
BRDA:77,6,0,0
BRDA:82,7,0,0
BRDA:82,7,1,0
BRDA:103,8,0,0
BRDA:103,8,1,0
BRDA:105,9,0,0
BRDA:128,10,0,0
BRDA:128,11,0,0
BRDA:128,11,1,0
BRDA:142,12,0,0
BRDA:142,12,1,0
BRDA:142,13,0,0
BRDA:142,13,1,0
BRDA:143,14,0,0
BRDA:143,14,1,0
BRDA:143,15,0,0
BRDA:143,15,1,0
BRDA:144,16,0,0
BRDA:144,16,1,0
BRDA:144,17,0,0
BRDA:144,17,1,0
BRDA:149,18,0,0
BRDA:153,19,0,0
BRDA:177,20,0,0
BRDA:180,21,0,0
BRDA:180,21,1,0
BRDA:182,22,0,0
BRDA:182,22,1,0
BRDA:185,23,0,0
BRDA:185,23,1,0
BRDA:191,24,0,0
BRDA:191,24,1,0
BRDA:225,25,0,0
BRDA:228,26,0,0
BRDA:228,26,1,0
BRDA:230,27,0,0
BRDA:230,27,1,0
BRDA:232,28,0,0
BRDA:234,29,0,0
BRDA:234,29,1,0
BRDA:255,30,0,0
BRDA:255,30,1,0
BRF:50
BRH:5
end_of_record
TN:
SF:src/agentic/improvement/ActionRefiner.ts
FN:16,(anonymous_0)
FN:27,(anonymous_1)
FN:37,(anonymous_2)
FN:38,(anonymous_3)
FN:71,(anonymous_4)
FN:95,(anonymous_5)
FN:97,(anonymous_6)
FN:126,(anonymous_7)
FNF:8
FNH:6
FNDA:103,(anonymous_0)
FNDA:1,(anonymous_1)
FNDA:1,(anonymous_2)
FNDA:1,(anonymous_3)
FNDA:1,(anonymous_4)
FNDA:0,(anonymous_5)
FNDA:0,(anonymous_6)
FNDA:1,(anonymous_7)
DA:13,22
DA:17,103
DA:18,103
DA:19,103
DA:21,103
DA:28,1
DA:32,1
DA:34,1
DA:37,1
DA:39,1
DA:47,1
DA:48,1
DA:50,1
DA:51,1
DA:52,1
DA:53,1
DA:55,1
DA:56,0
DA:61,0
DA:66,1
DA:72,1
DA:82,1
DA:83,1
DA:86,1
DA:89,1
DA:97,0
DA:98,0
DA:100,0
DA:109,0
DA:110,0
DA:113,0
DA:127,1
DA:131,1
LF:33
LH:25
BRDA:19,0,0,0
BRDA:21,1,0,103
BRDA:21,1,1,102
BRDA:47,2,0,1
BRDA:47,2,1,1
BRDA:48,3,0,1
BRDA:48,3,1,1
BRDA:51,4,0,1
BRDA:51,4,1,0
BRDA:52,5,0,1
BRDA:52,5,1,0
BRDA:55,6,0,0
BRDA:55,7,0,1
BRDA:55,7,1,1
BRDA:98,8,0,0
BRDA:98,8,1,0
BRDA:109,9,0,0
BRF:17
BRH:10
end_of_record
TN:
SF:src/agentic/improvement/ConflictResolver.ts
FN:12,(anonymous_0)
FN:22,(anonymous_1)
FN:93,(anonymous_2)
FN:98,(anonymous_3)
FN:112,(anonymous_4)
FNF:5
FNH:1
FNDA:103,(anonymous_0)
FNDA:0,(anonymous_1)
FNDA:0,(anonymous_2)
FNDA:0,(anonymous_3)
FNDA:0,(anonymous_4)
DA:3,22
DA:9,22
DA:13,103
DA:14,103
DA:16,103
DA:23,0
DA:24,0
DA:25,0
DA:27,0
DA:29,0
DA:30,0
DA:32,0
DA:33,0
DA:41,0
DA:43,0
DA:45,0
DA:46,0
DA:47,0
DA:48,0
DA:49,0
DA:50,0
DA:51,0
DA:54,0
DA:57,0
DA:58,0
DA:59,0
DA:60,0
DA:64,0
DA:65,0
DA:69,0
DA:70,0
DA:71,0
DA:72,0
DA:73,0
DA:74,0
DA:75,0
DA:76,0
DA:77,0
DA:78,0
DA:86,0
DA:94,0
DA:98,0
DA:99,0
DA:109,0
DA:112,0
DA:114,0
DA:120,0
LF:47
LH:5
BRDA:14,0,0,0
BRDA:16,1,0,103
BRDA:16,1,1,103
BRDA:22,2,0,0
BRDA:23,3,0,0
BRDA:23,3,1,0
BRDA:41,4,0,0
BRDA:46,5,0,0
BRDA:48,6,0,0
BRDA:48,6,1,0
BRDA:50,7,0,0
BRDA:57,8,0,0
BRDA:57,8,1,0
BRDA:58,9,0,0
BRDA:64,10,0,0
BRDA:70,11,0,0
BRDA:75,12,0,0
BRDA:75,13,0,0
BRDA:75,13,1,0
BRDA:77,14,0,0
BRDA:109,15,0,0
BRF:21
BRH:2
end_of_record
TN:
SF:src/agentic/improvement/CortexJanitor.ts
FN:14,(anonymous_0)
FN:28,(anonymous_1)
FN:47,(anonymous_2)
FN:52,(anonymous_3)
FN:72,(anonymous_4)
FN:97,(anonymous_5)
FN:121,(anonymous_6)
FN:199,(anonymous_7)
FN:217,(anonymous_8)
FNF:9
FNH:6
FNDA:106,(anonymous_0)
FNDA:0,(anonymous_1)
FNDA:1,(anonymous_2)
FNDA:1,(anonymous_3)
FNDA:1,(anonymous_4)
FNDA:0,(anonymous_5)
FNDA:1,(anonymous_6)
FNDA:0,(anonymous_7)
FNDA:3,(anonymous_8)
DA:3,23
DA:8,23
DA:15,106
DA:16,106
DA:18,106
DA:19,106
DA:20,106
DA:21,106
DA:29,0
DA:33,0
DA:38,0
DA:40,0
DA:41,0
DA:48,1
DA:50,1
DA:53,1
DA:57,1
DA:59,1
DA:60,1
DA:66,1
DA:73,1
DA:75,1
DA:82,1
DA:84,1
DA:85,1
DA:91,1
DA:98,0
DA:100,0
DA:105,0
DA:107,0
DA:108,0
DA:114,0
DA:122,1
DA:125,1
DA:128,1
DA:137,1
DA:138,3
DA:139,3
DA:140,3
DA:143,3
DA:145,0
DA:154,1
DA:162,1
DA:163,1
DA:164,0
DA:166,0
DA:169,0
DA:175,1
DA:177,0
DA:178,0
DA:179,0
DA:182,0
DA:186,1
DA:187,1
DA:193,1
DA:200,0
DA:202,0
DA:203,0
DA:205,0
DA:206,0
DA:207,0
DA:208,0
DA:209,0
DA:212,0
DA:222,3
DA:224,3
DA:225,3
DA:233,3
DA:235,3
DA:246,0
LF:70
LH:41
BRDA:16,0,0,3
BRDA:18,1,0,106
BRDA:18,1,1,106
BRDA:19,2,0,106
BRDA:19,2,1,101
BRDA:20,3,0,106
BRDA:20,3,1,105
BRDA:21,4,0,106
BRDA:21,4,1,106
BRDA:28,5,0,0
BRDA:38,6,0,0
BRDA:38,6,1,0
BRDA:48,7,0,1
BRDA:48,7,1,1
BRDA:57,8,0,1
BRDA:57,8,1,0
BRDA:59,9,0,1
BRDA:72,10,0,0
BRDA:82,11,0,1
BRDA:82,11,1,0
BRDA:84,12,0,1
BRDA:97,13,0,0
BRDA:105,14,0,0
BRDA:105,14,1,0
BRDA:107,15,0,0
BRDA:130,16,0,1
BRDA:130,16,1,1
BRDA:132,17,0,1
BRDA:132,17,1,1
BRDA:166,18,0,0
BRDA:166,18,1,0
BRDA:168,19,0,0
BRDA:168,19,1,0
BRDA:169,20,0,0
BRDA:177,21,0,0
BRDA:186,22,0,1
BRDA:203,23,0,0
BRDA:203,23,1,0
BRDA:205,24,0,0
BRDA:205,24,1,0
BRDA:208,25,0,0
BRDA:233,26,0,0
BRDA:242,27,0,3
BRDA:242,27,1,0
BRF:44
BRH:21
end_of_record
TN:
SF:src/agentic/improvement/CuriosityEngine.ts
FN:13,(anonymous_0)
FN:20,(anonymous_1)
FN:28,(anonymous_2)
FN:49,(anonymous_3)
FN:75,(anonymous_4)
FN:113,(anonymous_5)
FN:123,(anonymous_6)
FN:127,(anonymous_7)
FN:144,(anonymous_8)
FN:169,(anonymous_9)
FN:185,(anonymous_10)
FN:191,(anonymous_11)
FN:201,(anonymous_12)
FN:204,(anonymous_13)
FN:235,(anonymous_14)
FN:309,(anonymous_15)
FN:331,(anonymous_16)
FNF:17
FNH:10
FNDA:107,(anonymous_0)
FNDA:8,(anonymous_1)
FNDA:2,(anonymous_2)
FNDA:2,(anonymous_3)
FNDA:2,(anonymous_4)
FNDA:2,(anonymous_5)
FNDA:1,(anonymous_6)
FNDA:1,(anonymous_7)
FNDA:1,(anonymous_8)
FNDA:0,(anonymous_9)
FNDA:0,(anonymous_10)
FNDA:0,(anonymous_11)
FNDA:0,(anonymous_12)
FNDA:0,(anonymous_13)
FNDA:1,(anonymous_14)
FNDA:0,(anonymous_15)
FNDA:0,(anonymous_16)
DA:3,23
DA:10,23
DA:14,107
DA:15,107
DA:17,107
DA:21,8
DA:35,2
DA:43,2
DA:46,2
DA:50,2
DA:58,2
DA:59,1
DA:60,1
DA:61,1
DA:63,1
DA:71,2
DA:75,2
DA:78,2
DA:80,1
DA:88,1
DA:89,1
DA:90,2
DA:91,1
DA:93,1
DA:94,1
DA:105,2
DA:116,2
DA:119,2
DA:123,1
DA:127,1
DA:136,2
DA:138,2
DA:139,2
DA:142,2
DA:144,1
DA:148,2
DA:149,2
DA:150,2
DA:153,2
DA:154,2
DA:163,2
DA:170,0
DA:176,0
DA:177,0
DA:184,0
DA:185,0
DA:188,0
DA:190,0
DA:191,0
DA:193,0
DA:194,0
DA:200,0
DA:201,0
DA:203,0
DA:204,0
DA:207,0
DA:208,0
DA:210,0
DA:211,0
DA:215,0
DA:216,0
DA:222,0
DA:223,0
DA:228,0
DA:236,1
DA:239,1
DA:247,1
DA:248,1
DA:251,1
DA:253,3
DA:254,3
DA:255,6
DA:256,6
DA:257,6
DA:262,1
DA:263,1
DA:264,1
DA:266,1
DA:267,4
DA:268,2
DA:271,2
DA:273,2
DA:274,4
DA:275,4
DA:276,2
DA:277,2
DA:278,2
DA:279,2
DA:280,2
DA:281,2
DA:287,1
DA:288,1
DA:289,1
DA:290,1
DA:293,0
DA:295,0
DA:300,1
DA:303,1
DA:310,0
DA:311,0
DA:312,0
DA:314,0
DA:316,0
DA:317,0
DA:320,0
DA:321,0
DA:324,0
DA:325,0
DA:329,0
DA:331,0
DA:336,0
DA:337,0
DA:338,0
DA:343,0
LF:114
LH:73
BRDA:15,0,0,4
BRDA:17,1,0,107
BRDA:17,1,1,102
BRDA:60,2,0,1
BRDA:61,3,0,0
BRDA:88,4,0,1
BRDA:93,5,0,1
BRDA:93,6,0,1
BRDA:93,6,1,1
BRDA:116,7,0,2
BRDA:116,7,1,2
BRDA:148,8,0,2
BRDA:148,8,1,0
BRDA:150,9,0,2
BRDA:150,9,1,0
BRDA:153,10,0,2
BRDA:153,11,0,2
BRDA:153,11,1,1
BRDA:176,12,0,0
BRDA:193,13,0,0
BRDA:203,14,0,0
BRDA:203,14,1,0
BRDA:203,15,0,0
BRDA:203,15,1,0
BRDA:207,16,0,0
BRDA:210,17,0,0
BRDA:215,18,0,0
BRDA:222,19,0,0
BRDA:253,20,0,3
BRDA:253,20,1,0
BRDA:253,21,0,0
BRDA:253,21,1,0
BRDA:255,22,0,6
BRDA:255,22,1,4
BRDA:267,23,0,2
BRDA:268,24,0,0
BRDA:274,25,0,0
BRDA:277,26,0,2
BRDA:277,26,1,1
BRDA:278,27,0,1
BRDA:281,28,0,0
BRDA:289,29,0,1
BRDA:289,29,1,0
BRDA:293,30,0,0
BRDA:300,31,0,0
BRDA:330,32,0,0
BRDA:330,32,1,0
BRDA:336,33,0,0
BRDA:336,33,1,0
BRDA:337,34,0,0
BRF:50
BRH:23
end_of_record
TN:
SF:src/agentic/improvement/EvolutionRitual.ts
FN:11,(anonymous_0)
FN:20,(anonymous_1)
FN:66,(anonymous_2)
FN:78,(anonymous_3)
FN:82,(anonymous_4)
FN:122,(anonymous_5)
FN:123,(anonymous_6)
FN:125,(anonymous_7)
FNF:8
FNH:6
FNDA:104,(anonymous_0)
FNDA:1,(anonymous_1)
FNDA:1,(anonymous_2)
FNDA:0,(anonymous_3)
FNDA:1,(anonymous_4)
FNDA:2,(anonymous_5)
FNDA:0,(anonymous_6)
FNDA:1,(anonymous_7)
DA:10,22
DA:12,104
DA:13,104
DA:14,104
DA:25,1
DA:29,1
DA:36,1
DA:37,1
DA:40,1
DA:41,1
DA:44,1
DA:45,1
DA:47,1
DA:48,1
DA:49,0
DA:52,0
DA:54,1
DA:56,1
DA:59,1
DA:63,1
DA:67,1
DA:75,1
DA:78,0
DA:79,0
DA:86,1
DA:87,1
DA:88,1
DA:89,1
DA:91,1
DA:92,1
DA:103,1
DA:105,1
DA:107,3
DA:108,3
DA:109,3
DA:110,3
DA:111,3
DA:115,1
DA:116,0
DA:121,1
DA:122,2
DA:123,0
DA:125,1
LF:43
LH:37
BRDA:14,0,0,1
BRDA:48,1,0,0
BRDA:48,1,1,1
BRDA:69,2,0,1
BRDA:69,2,1,1
BRDA:75,3,0,1
BRDA:94,4,0,1
BRDA:94,4,1,1
BRDA:103,5,0,0
BRDA:107,6,0,3
BRDA:107,6,1,0
BRDA:107,7,0,0
BRDA:107,7,1,0
BRDA:109,8,0,0
BRDA:110,9,0,3
BRDA:110,9,1,2
BRDA:111,10,0,3
BRDA:111,10,1,0
BRDA:115,11,0,1
BRF:19
BRH:12
end_of_record
TN:
SF:src/agentic/improvement/EvolutionaryPilot.ts
FN:15,(anonymous_0)
FN:24,(anonymous_1)
FN:48,(anonymous_2)
FN:50,(anonymous_3)
FN:60,(anonymous_4)
FN:61,(anonymous_5)
FN:79,(anonymous_6)
FN:80,(anonymous_7)
FN:94,(anonymous_8)
FN:135,(anonymous_9)
FN:225,(anonymous_10)
FN:231,(anonymous_11)
FN:233,(anonymous_12)
FN:240,(anonymous_13)
FNF:14
FNH:7
FNDA:104,(anonymous_0)
FNDA:1,(anonymous_1)
FNDA:20,(anonymous_2)
FNDA:10,(anonymous_3)
FNDA:0,(anonymous_4)
FNDA:0,(anonymous_5)
FNDA:0,(anonymous_6)
FNDA:0,(anonymous_7)
FNDA:0,(anonymous_8)
FNDA:0,(anonymous_9)
FNDA:1,(anonymous_10)
FNDA:10,(anonymous_11)
FNDA:10,(anonymous_12)
FNDA:0,(anonymous_13)
DA:8,23
DA:14,23
DA:16,104
DA:17,104
DA:18,104
DA:28,1
DA:32,1
DA:33,1
DA:36,1
DA:42,1
DA:43,1
DA:45,1
DA:47,2
DA:48,20
DA:50,10
DA:52,2
DA:54,1
DA:55,1
DA:57,1
DA:59,1
DA:60,0
DA:61,0
DA:63,0
DA:68,0
DA:72,0
DA:73,0
DA:74,0
DA:75,0
DA:79,0
DA:80,0
DA:82,0
DA:86,0
DA:89,0
DA:90,0
DA:91,0
DA:94,0
DA:95,0
DA:96,0
DA:99,0
DA:105,0
DA:106,0
DA:111,0
DA:112,0
DA:113,0
DA:116,0
DA:120,0
DA:121,0
DA:122,0
DA:125,0
DA:128,0
DA:138,0
DA:142,0
DA:143,0
DA:145,0
DA:146,0
DA:148,0
DA:150,0
DA:152,0
DA:153,0
DA:156,0
DA:157,0
DA:158,0
DA:162,0
DA:165,0
DA:167,0
DA:168,0
DA:169,0
DA:172,0
DA:175,0
DA:176,0
DA:180,0
DA:183,0
DA:187,0
DA:188,0
DA:189,0
DA:193,0
DA:196,0
DA:198,0
DA:199,0
DA:203,0
DA:206,0
DA:209,0
DA:210,0
DA:214,0
DA:217,0
DA:222,0
DA:231,10
DA:233,10
DA:234,1
DA:235,1
DA:236,1
DA:237,1
DA:241,0
DA:242,0
DA:244,0
DA:246,0
DA:252,0
DA:253,0
DA:254,0
DA:257,0
DA:258,0
DA:261,0
DA:263,0
LF:103
LH:26
BRDA:18,0,0,1
BRDA:42,1,0,1
BRDA:42,1,1,1
BRDA:52,2,0,1
BRDA:55,3,0,1
BRDA:55,3,1,1
BRDA:57,4,0,0
BRDA:60,5,0,0
BRDA:60,5,1,0
BRDA:61,6,0,0
BRDA:61,6,1,0
BRDA:68,7,0,0
BRDA:69,8,0,0
BRDA:69,8,1,0
BRDA:69,8,2,0
BRDA:73,9,0,0
BRDA:79,10,0,0
BRDA:79,10,1,0
BRDA:80,11,0,0
BRDA:80,11,1,0
BRDA:82,12,0,0
BRDA:83,13,0,0
BRDA:83,13,1,0
BRDA:83,13,2,0
BRDA:94,14,0,0
BRDA:94,14,1,0
BRDA:95,15,0,0
BRDA:95,16,0,0
BRDA:95,16,1,0
BRDA:112,17,0,0
BRDA:121,18,0,0
BRDA:148,19,0,0
BRDA:152,20,0,0
BRDA:156,21,0,0
BRDA:156,21,1,0
BRDA:157,22,0,0
BRDA:157,23,0,0
BRDA:157,23,1,0
BRDA:160,24,0,0
BRDA:160,24,1,0
BRDA:167,25,0,0
BRDA:167,26,0,0
BRDA:167,26,1,0
BRDA:168,27,0,0
BRDA:168,27,1,0
BRDA:175,28,0,0
BRDA:175,29,0,0
BRDA:175,29,1,0
BRDA:178,30,0,0
BRDA:178,30,1,0
BRDA:187,31,0,0
BRDA:188,32,0,0
BRDA:188,33,0,0
BRDA:188,33,1,0
BRDA:191,34,0,0
BRDA:191,34,1,0
BRDA:198,35,0,0
BRDA:198,36,0,0
BRDA:198,36,1,0
BRDA:201,37,0,0
BRDA:201,37,1,0
BRDA:209,38,0,0
BRDA:209,39,0,0
BRDA:209,39,1,0
BRDA:212,40,0,0
BRDA:212,40,1,0
BRDA:236,41,0,0
BRDA:236,41,1,1
BRDA:246,42,0,0
BRDA:246,42,1,0
BRDA:246,42,2,0
BRDA:252,43,0,0
BRDA:257,44,0,0
BRDA:257,44,1,0
BRF:74
BRH:7
end_of_record
TN:
SF:src/agentic/improvement/GoalArchitect.ts
FN:28,(anonymous_0)
FN:35,(anonymous_1)
FN:43,(anonymous_2)
FN:47,(anonymous_3)
FN:73,(anonymous_4)
FN:114,(anonymous_5)
FN:139,(anonymous_6)
FN:141,(anonymous_7)
FN:143,(anonymous_8)
FN:165,(anonymous_9)
FN:170,(anonymous_10)
FN:205,(anonymous_11)
FN:219,(anonymous_12)
FN:231,(anonymous_13)
FN:241,(anonymous_14)
FN:244,(anonymous_15)
FNF:16
FNH:12
FNDA:108,(anonymous_0)
FNDA:3,(anonymous_1)
FNDA:1,(anonymous_2)
FNDA:1,(anonymous_3)
FNDA:0,(anonymous_4)
FNDA:1,(anonymous_5)
FNDA:0,(anonymous_6)
FNDA:0,(anonymous_7)
FNDA:0,(anonymous_8)
FNDA:1,(anonymous_9)
FNDA:1,(anonymous_10)
FNDA:2,(anonymous_11)
FNDA:4,(anonymous_12)
FNDA:1,(anonymous_13)
FNDA:1,(anonymous_14)
FNDA:1,(anonymous_15)
DA:3,22
DA:25,22
DA:29,108
DA:30,108
DA:32,108
DA:36,3
DA:47,1
DA:49,1
DA:51,1
DA:58,0
DA:61,0
DA:67,0
DA:68,0
DA:70,0
DA:71,0
DA:73,0
DA:74,0
DA:76,0
DA:77,0
DA:78,0
DA:81,0
DA:95,0
DA:98,0
DA:99,0
DA:106,0
DA:119,1
DA:120,0
DA:122,1
DA:124,1
DA:125,1
DA:131,1
DA:132,0
DA:141,0
DA:143,0
DA:145,0
DA:152,0
DA:153,0
DA:170,1
DA:171,1
DA:178,0
DA:180,0
DA:181,0
DA:187,0
DA:198,0
DA:208,2
DA:214,2
DA:215,0
DA:218,2
DA:219,4
DA:222,2
DA:232,1
DA:234,1
DA:241,1
DA:245,1
LF:54
LH:25
BRDA:30,0,0,5
BRDA:32,1,0,108
BRDA:32,1,1,104
BRDA:58,2,0,0
BRDA:68,3,0,0
BRDA:68,3,1,0
BRDA:76,4,0,0
BRDA:98,5,0,0
BRDA:116,6,0,0
BRDA:119,7,0,0
BRDA:124,8,0,1
BRDA:124,8,1,0
BRDA:131,9,0,0
BRDA:178,10,0,0
BRDA:180,11,0,0
BRDA:180,11,1,0
BRDA:184,12,0,0
BRDA:184,12,1,0
BRDA:214,13,0,0
BRDA:219,14,0,4
BRDA:219,14,1,1
BRDA:231,15,0,0
BRDA:253,16,0,0
BRDA:253,16,1,1
BRDA:255,17,0,1
BRDA:255,17,1,1
BRF:26
BRH:9
end_of_record
TN:
SF:src/agentic/improvement/GovernanceManager.ts
FN:33,(anonymous_0)
FN:55,(anonymous_1)
FN:145,(anonymous_2)
FN:162,(anonymous_3)
FN:179,(anonymous_4)
FN:196,(anonymous_5)
FNF:6
FNH:3
FNDA:106,(anonymous_0)
FNDA:3,(anonymous_1)
FNDA:1,(anonymous_2)
FNDA:0,(anonymous_3)
FNDA:0,(anonymous_4)
FNDA:0,(anonymous_5)
DA:4,24
DA:5,24
DA:6,24
DA:7,24
DA:8,24
DA:9,24
DA:10,24
DA:19,24
DA:34,106
DA:35,106
DA:36,106
DA:38,106
DA:39,106
DA:40,106
DA:41,106
DA:43,106
DA:44,106
DA:45,106
DA:46,106
DA:47,106
DA:48,106
DA:49,106
DA:56,3
DA:57,3
DA:60,3
DA:72,3
DA:73,3
DA:74,3
DA:75,1
DA:76,1
DA:78,1
DA:86,1
DA:97,1
DA:99,1
DA:100,0
DA:104,0
DA:107,0
DA:108,0
DA:111,0
DA:112,0
DA:115,0
DA:123,0
DA:133,0
DA:136,1
DA:146,1
DA:156,1
DA:163,0
DA:173,0
DA:180,0
DA:190,0
DA:197,0
DA:207,0
DA:208,0
LF:53
LH:37
BRDA:36,0,0,3
BRDA:38,1,0,106
BRDA:38,1,1,105
BRDA:39,2,0,106
BRDA:39,2,1,106
BRDA:40,3,0,106
BRDA:40,3,1,102
BRDA:41,4,0,106
BRDA:41,4,1,100
BRDA:99,5,0,0
BRDA:107,6,0,0
BRDA:107,7,0,0
BRDA:107,7,1,0
BRDA:107,7,2,0
BRDA:199,8,0,0
BRDA:199,8,1,0
BRF:16
BRH:9
end_of_record
TN:
SF:src/agentic/improvement/HiveLink.ts
FN:20,(anonymous_0)
FN:31,(anonymous_1)
FN:38,(anonymous_2)
FN:68,(anonymous_3)
FN:78,(anonymous_4)
FN:95,(anonymous_5)
FNF:6
FNH:1
FNDA:103,(anonymous_0)
FNDA:0,(anonymous_1)
FNDA:0,(anonymous_2)
FNDA:0,(anonymous_3)
FNDA:0,(anonymous_4)
FNDA:0,(anonymous_5)
DA:6,22
DA:7,22
DA:8,22
DA:14,22
DA:21,103
DA:22,103
DA:23,103
DA:25,103
DA:26,103
DA:27,103
DA:28,103
DA:32,0
DA:39,0
DA:40,0
DA:41,0
DA:43,0
DA:47,0
DA:56,0
DA:57,0
DA:58,0
DA:59,0
DA:62,0
DA:72,0
DA:79,0
DA:83,0
DA:84,0
DA:87,0
DA:89,0
DA:96,0
DA:97,0
DA:98,0
DA:99,0
DA:100,0
DA:101,0
DA:102,0
DA:104,0
LF:36
LH:11
BRDA:23,0,0,0
BRDA:25,1,0,103
BRDA:25,1,1,98
BRDA:38,2,0,0
BRDA:39,3,0,0
BRDA:39,3,1,0
BRDA:40,4,0,0
BRDA:40,4,1,0
BRDA:41,5,0,0
BRDA:41,5,1,0
BRDA:59,6,0,0
BRDA:70,7,0,0
BRDA:79,8,0,0
BRDA:80,9,0,0
BRDA:80,9,1,0
BRDA:99,10,0,0
BRDA:99,10,1,0
BRDA:100,11,0,0
BRDA:100,11,1,0
BRDA:101,12,0,0
BRDA:102,13,0,0
BRF:21
BRH:2
end_of_record
TN:
SF:src/agentic/improvement/KnowledgeDistiller.ts
FN:53,(anonymous_0)
FN:69,(anonymous_1)
FN:90,(anonymous_2)
FN:98,(anonymous_3)
FN:108,(anonymous_4)
FN:127,(anonymous_5)
FN:138,(anonymous_6)
FN:149,(anonymous_7)
FN:152,(anonymous_8)
FN:153,(anonymous_9)
FN:159,(anonymous_10)
FN:168,(anonymous_11)
FN:169,(anonymous_12)
FN:210,(anonymous_13)
FN:223,(anonymous_14)
FN:251,(anonymous_15)
FN:261,(anonymous_16)
FN:273,(anonymous_17)
FN:274,(anonymous_18)
FN:281,(anonymous_19)
FN:296,(anonymous_20)
FN:305,(anonymous_21)
FNF:22
FNH:15
FNDA:109,(anonymous_0)
FNDA:6,(anonymous_1)
FNDA:0,(anonymous_2)
FNDA:6,(anonymous_3)
FNDA:1,(anonymous_4)
FNDA:2,(anonymous_5)
FNDA:4,(anonymous_6)
FNDA:7,(anonymous_7)
FNDA:0,(anonymous_8)
FNDA:0,(anonymous_9)
FNDA:7,(anonymous_10)
FNDA:8,(anonymous_11)
FNDA:8,(anonymous_12)
FNDA:0,(anonymous_13)
FNDA:0,(anonymous_14)
FNDA:0,(anonymous_15)
FNDA:0,(anonymous_16)
FNDA:2,(anonymous_17)
FNDA:2,(anonymous_18)
FNDA:2,(anonymous_19)
FNDA:6,(anonymous_20)
FNDA:16,(anonymous_21)
DA:6,24
DA:7,24
DA:8,24
DA:9,24
DA:43,24
DA:46,109
DA:54,109
DA:55,109
DA:57,109
DA:58,109
DA:60,109
DA:61,109
DA:62,109
DA:63,109
DA:79,6
DA:80,6
DA:81,1
DA:88,1
DA:89,0
DA:90,0
DA:91,0
DA:95,6
DA:96,6
DA:98,6
DA:100,6
DA:104,6
DA:107,5
DA:108,1
DA:112,5
DA:115,5
DA:118,5
DA:120,5
DA:131,2
DA:132,2
DA:142,4
DA:149,7
DA:150,4
DA:151,4
DA:152,0
DA:153,0
DA:158,4
DA:159,7
DA:162,4
DA:169,8
DA:170,8
DA:177,0
DA:179,0
DA:183,0
DA:184,0
DA:186,0
DA:196,0
DA:217,0
DA:229,0
DA:235,0
DA:237,0
DA:249,0
DA:251,0
DA:262,0
DA:267,0
DA:274,2
DA:282,2
DA:283,2
DA:284,2
DA:285,2
DA:288,2
DA:291,2
DA:293,2
DA:297,6
DA:298,6
DA:299,239
DA:300,239
DA:302,6
DA:306,16
LF:73
LH:54
BRDA:55,0,0,6
BRDA:57,1,0,109
BRDA:57,1,1,104
BRDA:74,2,0,2
BRDA:75,3,0,4
BRDA:76,4,0,4
BRDA:80,5,0,1
BRDA:88,6,0,0
BRDA:88,7,0,1
BRDA:88,7,1,1
BRDA:88,7,2,0
BRDA:91,8,0,0
BRDA:96,9,0,0
BRDA:104,10,0,1
BRDA:129,11,0,0
BRDA:132,12,0,2
BRDA:132,12,1,0
BRDA:151,13,0,0
BRDA:151,14,0,4
BRDA:151,14,1,0
BRDA:177,15,0,0
BRDA:179,16,0,0
BRDA:179,16,1,0
BRDA:181,17,0,0
BRDA:181,17,1,0
BRDA:183,18,0,0
BRDA:183,18,1,0
BRDA:197,19,0,0
BRDA:197,19,1,0
BRDA:215,20,0,0
BRDA:235,21,0,0
BRDA:261,22,0,0
BRDA:267,23,0,0
BRDA:267,23,1,0
BRDA:282,24,0,2
BRDA:282,24,1,0
BRDA:283,25,0,2
BRDA:283,25,1,0
BRDA:291,26,0,1
BRDA:291,26,1,1
BRDA:311,27,0,16
BRDA:311,27,1,3
BRDA:313,28,0,15
BRDA:313,28,1,1
BRDA:313,29,0,1
BRDA:313,29,1,1
BRDA:314,30,0,15
BRDA:314,30,1,1
BRDA:314,31,0,1
BRDA:314,31,1,1
BRF:50
BRH:26
end_of_record
TN:
SF:src/agentic/improvement/QuotaManager.ts
FN:15,(anonymous_0)
FN:27,(anonymous_1)
FN:60,(anonymous_2)
FN:114,(anonymous_3)
FN:126,(anonymous_4)
FN:138,(anonymous_5)
FN:151,(anonymous_6)
FN:191,(anonymous_7)
FN:192,(anonymous_8)
FN:209,(anonymous_9)
FNF:10
FNH:1
FNDA:103,(anonymous_0)
FNDA:0,(anonymous_1)
FNDA:0,(anonymous_2)
FNDA:0,(anonymous_3)
FNDA:0,(anonymous_4)
FNDA:0,(anonymous_5)
FNDA:0,(anonymous_6)
FNDA:0,(anonymous_7)
FNDA:0,(anonymous_8)
FNDA:0,(anonymous_9)
DA:4,22
DA:9,22
DA:12,103
DA:13,103
DA:16,103
DA:17,103
DA:18,103
DA:20,103
DA:21,103
DA:31,0
DA:33,0
DA:34,0
DA:37,0
DA:38,0
DA:39,0
DA:40,0
DA:43,0
DA:44,0
DA:47,0
DA:54,0
DA:64,0
DA:67,0
DA:68,0
DA:69,0
DA:74,0
DA:90,0
DA:91,0
DA:97,0
DA:99,0
DA:102,0
DA:103,0
DA:108,0
DA:115,0
DA:116,0
DA:118,0
DA:122,0
DA:123,0
DA:124,0
DA:126,0
DA:132,0
DA:137,0
DA:138,0
DA:141,0
DA:143,0
DA:144,0
DA:153,0
DA:154,0
DA:155,0
DA:159,0
DA:166,0
DA:167,0
DA:168,0
DA:169,0
DA:173,0
DA:180,0
DA:183,0
DA:185,0
DA:192,0
DA:193,0
DA:194,0
DA:203,0
DA:206,0
DA:210,0
DA:211,0
DA:212,0
DA:213,0
DA:214,0
DA:215,0
LF:68
LH:9
BRDA:18,0,0,0
BRDA:20,1,0,103
BRDA:20,1,1,103
BRDA:21,2,0,103
BRDA:21,2,1,102
BRDA:29,3,0,0
BRDA:38,4,0,0
BRDA:38,5,0,0
BRDA:38,5,1,0
BRDA:38,5,2,0
BRDA:43,6,0,0
BRDA:44,7,0,0
BRDA:44,7,1,0
BRDA:45,8,0,0
BRDA:45,8,1,0
BRDA:69,9,0,0
BRDA:70,10,0,0
BRDA:70,10,1,0
BRDA:70,10,2,0
BRDA:70,10,3,0
BRDA:78,11,0,0
BRDA:78,11,1,0
BRDA:79,12,0,0
BRDA:79,12,1,0
BRDA:79,12,2,0
BRDA:80,13,0,0
BRDA:80,13,1,0
BRDA:90,14,0,0
BRDA:90,15,0,0
BRDA:90,15,1,0
BRDA:92,16,0,0
BRDA:92,16,1,0
BRDA:97,17,0,0
BRDA:99,18,0,0
BRDA:99,18,1,0
BRDA:101,19,0,0
BRDA:101,19,1,0
BRDA:102,20,0,0
BRDA:122,21,0,0
BRDA:122,21,1,0
BRDA:122,22,0,0
BRDA:122,22,1,0
BRDA:124,23,0,0
BRDA:124,24,0,0
BRDA:124,24,1,0
BRDA:132,25,0,0
BRDA:132,25,1,0
BRDA:133,26,0,0
BRDA:133,26,1,0
BRDA:134,27,0,0
BRDA:134,27,1,0
BRDA:141,28,0,0
BRDA:141,28,1,0
BRDA:144,29,0,0
BRDA:144,29,1,0
BRDA:154,30,0,0
BRDA:154,31,0,0
BRDA:154,31,1,0
BRDA:166,32,0,0
BRDA:166,33,0,0
BRDA:166,33,1,0
BRDA:180,34,0,0
BRDA:180,34,1,0
BRDA:210,35,0,0
BRDA:210,35,1,0
BRDA:210,35,2,0
BRDA:210,35,3,0
BRDA:210,35,4,0
BRF:68
BRH:4
end_of_record
TN:
SF:src/agentic/improvement/RecursiveReasoner.ts
FN:53,(anonymous_0)
FN:60,(anonymous_1)
FN:67,(anonymous_2)
FN:82,(anonymous_3)
FN:95,(anonymous_4)
FN:117,(anonymous_5)
FN:136,(anonymous_6)
FN:153,(anonymous_7)
FN:168,(anonymous_8)
FN:198,(anonymous_9)
FN:243,(anonymous_10)
FN:247,(anonymous_11)
FN:273,(anonymous_12)
FN:277,(anonymous_13)
FN:280,(anonymous_14)
FN:282,(anonymous_15)
FN:285,(anonymous_16)
FNF:17
FNH:4
FNDA:103,(anonymous_0)
FNDA:3,(anonymous_1)
FNDA:0,(anonymous_2)
FNDA:0,(anonymous_3)
FNDA:0,(anonymous_4)
FNDA:0,(anonymous_5)
FNDA:1,(anonymous_6)
FNDA:1,(anonymous_7)
FNDA:0,(anonymous_8)
FNDA:0,(anonymous_9)
FNDA:0,(anonymous_10)
FNDA:0,(anonymous_11)
FNDA:0,(anonymous_12)
FNDA:0,(anonymous_13)
FNDA:0,(anonymous_14)
FNDA:0,(anonymous_15)
FNDA:0,(anonymous_16)
DA:26,22
DA:28,103
DA:37,103
DA:54,103
DA:55,103
DA:57,103
DA:61,3
DA:68,0
DA:75,0
DA:83,0
DA:87,0
DA:88,0
DA:94,0
DA:95,0
DA:97,0
DA:100,0
DA:101,0
DA:102,0
DA:104,0
DA:105,0
DA:106,0
DA:110,0
DA:111,0
DA:112,0
DA:117,0
DA:118,0
DA:119,0
DA:120,0
DA:123,0
DA:124,0
DA:126,0
DA:129,0
DA:137,1
DA:141,1
DA:142,1
DA:145,1
DA:152,1
DA:154,1
DA:155,1
DA:156,1
DA:160,1
DA:162,1
DA:168,1
DA:169,1
DA:171,1
DA:172,1
DA:173,1
DA:174,1
DA:188,1
DA:192,1
DA:199,0
DA:203,0
DA:209,0
DA:210,0
DA:213,0
DA:214,0
DA:215,0
DA:216,0
DA:217,0
DA:221,0
DA:222,0
DA:223,0
DA:224,0
DA:225,0
DA:226,0
DA:227,0
DA:229,0
DA:232,0
DA:234,0
DA:237,0
DA:244,0
DA:248,0
DA:249,0
DA:252,0
DA:253,0
DA:258,0
DA:263,0
DA:264,0
DA:267,0
DA:270,0
DA:274,0
DA:277,0
DA:281,0
DA:282,0
DA:286,0
LF:85
LH:25
BRDA:55,0,0,0
BRDA:57,1,0,103
BRDA:57,1,1,99
BRDA:87,2,0,0
BRDA:87,2,1,0
BRDA:101,3,0,0
BRDA:101,3,1,0
BRDA:106,4,0,0
BRDA:106,4,1,0
BRDA:112,5,0,0
BRDA:117,6,0,0
BRDA:117,6,1,0
BRDA:118,7,0,0
BRDA:118,7,1,0
BRDA:119,8,0,0
BRDA:119,8,1,0
BRDA:123,9,0,0
BRDA:141,10,0,1
BRDA:141,10,1,0
BRDA:142,11,0,1
BRDA:142,11,1,0
BRDA:154,12,0,1
BRDA:154,12,1,0
BRDA:155,13,0,1
BRDA:155,13,1,0
BRDA:156,14,0,1
BRDA:156,14,1,0
BRDA:160,15,0,0
BRDA:172,16,0,1
BRDA:216,17,0,0
BRDA:222,18,0,0
BRDA:226,19,0,0
BRDA:229,20,0,0
BRDA:232,21,0,0
BRDA:234,22,0,0
BRDA:253,23,0,0
BRDA:254,24,0,0
BRDA:254,24,1,0
BRDA:254,24,2,0
BRDA:254,24,3,0
BRDA:263,25,0,0
BRDA:277,26,0,0
BRDA:277,26,1,0
BRDA:294,27,0,0
BRDA:294,27,1,0
BRDA:296,28,0,0
BRDA:296,28,1,0
BRF:47
BRH:8
end_of_record
TN:
SF:src/agentic/improvement/ReflectionEngine.ts
FN:11,(anonymous_0)
FN:21,(anonymous_1)
FN:49,(anonymous_2)
FN:62,(anonymous_3)
FN:68,(anonymous_4)
FN:76,(anonymous_5)
FN:79,(anonymous_6)
FNF:7
FNH:3
FNDA:103,(anonymous_0)
FNDA:1,(anonymous_1)
FNDA:0,(anonymous_2)
FNDA:0,(anonymous_3)
FNDA:0,(anonymous_4)
FNDA:0,(anonymous_5)
FNDA:1,(anonymous_6)
DA:8,22
DA:12,103
DA:13,103
DA:15,103
DA:28,1
DA:43,1
DA:53,0
DA:62,0
DA:69,0
DA:76,0
DA:80,1
LF:11
LH:7
BRDA:13,0,0,0
BRDA:15,1,0,103
BRDA:15,1,1,103
BRDA:34,2,0,1
BRDA:34,2,1,0
BRDA:37,3,0,0
BRDA:37,3,1,1
BRDA:51,4,0,0
BRDA:58,5,0,0
BRDA:58,5,1,0
BRDA:59,6,0,0
BRDA:59,6,1,0
BRDA:68,7,0,0
BRDA:85,8,0,1
BRDA:85,8,1,0
BRDA:89,9,0,0
BRDA:89,9,1,1
BRF:17
BRH:6
end_of_record
TN:
SF:src/agentic/improvement/RitualOrchestrator.ts
FN:12,(anonymous_0)
FN:23,(anonymous_1)
FN:52,(anonymous_2)
FN:56,(anonymous_3)
FN:62,(anonymous_4)
FN:101,(anonymous_5)
FN:135,(anonymous_6)
FN:204,(anonymous_7)
FN:230,(anonymous_8)
FNF:9
FNH:8
FNDA:106,(anonymous_0)
FNDA:1,(anonymous_1)
FNDA:2,(anonymous_2)
FNDA:2,(anonymous_3)
FNDA:1,(anonymous_4)
FNDA:2,(anonymous_5)
FNDA:0,(anonymous_6)
FNDA:3,(anonymous_7)
FNDA:1,(anonymous_8)
DA:9,23
DA:13,106
DA:14,106
DA:15,106
DA:17,106
DA:30,1
DA:32,1
DA:46,1
DA:53,2
DA:54,2
DA:56,2
DA:57,2
DA:63,1
DA:70,2
DA:72,2
DA:74,2
DA:81,2
DA:84,2
DA:86,2
DA:90,2
DA:92,2
DA:95,2
DA:102,2
DA:105,2
DA:109,2
DA:111,2
DA:112,2
DA:114,0
DA:115,0
DA:116,0
DA:117,0
DA:118,0
DA:119,0
DA:121,0
DA:122,0
DA:130,0
DA:132,0
DA:133,0
DA:135,0
DA:139,0
DA:140,0
DA:141,0
DA:142,0
DA:146,0
DA:147,0
DA:149,0
DA:150,0
DA:153,1
DA:154,0
DA:155,0
DA:156,0
DA:159,1
DA:160,1
DA:161,1
DA:162,1
DA:163,1
DA:164,1
DA:165,1
DA:168,0
DA:169,0
DA:170,0
DA:171,0
DA:172,0
DA:174,1
DA:176,1
DA:177,1
DA:178,1
DA:181,2
DA:182,2
DA:187,2
DA:208,3
DA:209,3
DA:211,0
DA:212,0
DA:214,3
DA:215,3
DA:217,0
DA:218,0
DA:223,3
DA:227,3
DA:231,1
LF:81
LH:49
BRDA:15,0,0,3
BRDA:17,1,0,106
BRDA:17,1,1,106
BRDA:41,2,0,0
BRDA:41,2,1,1
BRDA:70,3,0,0
BRDA:84,4,0,0
BRDA:112,5,0,0
BRDA:112,5,1,1
BRDA:112,5,2,1
BRDA:112,5,3,0
BRDA:114,6,0,0
BRDA:114,6,1,0
BRDA:115,7,0,0
BRDA:115,7,1,0
BRDA:116,8,0,0
BRDA:116,8,1,0
BRDA:130,9,0,0
BRDA:139,10,0,0
BRDA:139,10,1,0
BRDA:140,11,0,0
BRDA:146,12,0,0
BRDA:178,13,0,1
BRDA:178,13,1,1
BRDA:181,14,0,2
BRDA:181,14,1,0
BRDA:184,15,0,1
BRDA:184,15,1,1
BRDA:190,16,0,1
BRDA:190,16,1,1
BRDA:206,17,0,1
BRDA:209,18,0,0
BRDA:209,18,1,3
BRDA:209,18,2,0
BRDA:223,19,0,1
BRDA:223,19,1,2
BRDA:233,20,0,0
BRDA:233,20,1,1
BRDA:234,21,0,1
BRDA:234,21,1,0
BRDA:235,22,0,0
BRDA:235,22,1,1
BRDA:237,23,0,0
BRDA:237,23,1,1
BRF:44
BRH:21
end_of_record
TN:
SF:src/agentic/improvement/RuleEngine.ts
FN:28,(anonymous_0)
FN:35,(anonymous_1)
FN:42,(anonymous_2)
FN:54,(anonymous_3)
FN:85,(anonymous_4)
FN:97,(anonymous_5)
FN:115,(anonymous_6)
FN:136,(anonymous_7)
FN:144,(anonymous_8)
FN:150,(anonymous_9)
FN:153,(anonymous_10)
FN:187,(anonymous_11)
FNF:12
FNH:12
FNDA:107,(anonymous_0)
FNDA:30,(anonymous_1)
FNDA:4,(anonymous_2)
FNDA:4,(anonymous_3)
FNDA:30,(anonymous_4)
FNDA:1,(anonymous_5)
FNDA:1,(anonymous_6)
FNDA:30,(anonymous_7)
FNDA:30,(anonymous_8)
FNDA:4,(anonymous_9)
FNDA:3,(anonymous_10)
FNDA:8,(anonymous_11)
DA:25,22
DA:29,107
DA:30,107
DA:32,107
DA:36,30
DA:54,4
DA:55,4
DA:71,4
DA:74,4
DA:75,0
DA:77,4
DA:94,30
DA:97,4
DA:99,4
DA:100,3
DA:101,2
DA:109,2
DA:119,1
DA:121,1
DA:122,1
DA:124,1
DA:125,2
DA:126,2
DA:130,1
DA:140,30
DA:145,30
DA:150,4
DA:159,3
DA:160,3
DA:162,3
DA:163,3
DA:166,3
DA:167,3
DA:168,3
DA:169,3
DA:171,3
DA:173,0
DA:175,0
DA:177,0
DA:179,3
DA:181,0
DA:183,0
DA:188,8
LF:43
LH:37
BRDA:30,0,0,4
BRDA:32,1,0,107
BRDA:32,1,1,107
BRDA:46,2,0,0
BRDA:61,3,0,4
BRDA:61,3,1,1
BRDA:62,4,0,4
BRDA:62,4,1,2
BRDA:63,5,0,4
BRDA:63,5,1,4
BRDA:65,6,0,1
BRDA:65,6,1,3
BRDA:74,7,0,0
BRDA:74,7,1,4
BRDA:100,8,0,2
BRDA:100,9,0,3
BRDA:100,9,1,3
BRDA:119,10,0,0
BRDA:122,11,0,1
BRDA:122,11,1,0
BRDA:125,12,0,2
BRDA:160,13,0,0
BRDA:167,14,0,3
BRDA:168,15,0,0
BRDA:169,16,0,0
BRDA:171,17,0,0
BRDA:171,17,1,0
BRDA:171,17,2,0
BRDA:171,17,3,3
BRDA:171,17,4,0
BRDA:171,17,5,0
BRDA:197,18,0,1
BRDA:197,18,1,7
BRDA:199,19,0,7
BRDA:199,19,1,7
BRF:35
BRH:23
end_of_record
TN:
SF:src/agentic/improvement/SelfEvolution.ts
FN:18,(anonymous_9)
FN:31,(anonymous_10)
FN:45,(anonymous_11)
FN:45,(anonymous_12)
FN:49,(anonymous_13)
FN:68,(anonymous_14)
FN:82,(anonymous_15)
FN:83,(anonymous_16)
FN:84,(anonymous_17)
FN:85,(anonymous_18)
FN:87,(anonymous_19)
FN:96,(anonymous_20)
FN:97,(anonymous_21)
FN:104,(anonymous_22)
FN:113,(anonymous_23)
FN:114,(anonymous_24)
FN:115,(anonymous_25)
FN:116,(anonymous_26)
FN:118,(anonymous_27)
FN:127,(anonymous_28)
FN:133,(anonymous_29)
FN:165,(anonymous_30)
FN:170,(anonymous_31)
FN:195,(anonymous_32)
FN:202,(anonymous_33)
FN:228,(anonymous_34)
FN:236,(anonymous_35)
FN:247,(anonymous_36)
FN:280,(anonymous_37)
FN:336,(anonymous_38)
FN:345,(anonymous_39)
FNF:31
FNH:1
FNDA:103,(anonymous_9)
FNDA:0,(anonymous_10)
FNDA:0,(anonymous_11)
FNDA:0,(anonymous_12)
FNDA:0,(anonymous_13)
FNDA:0,(anonymous_14)
FNDA:0,(anonymous_15)
FNDA:0,(anonymous_16)
FNDA:0,(anonymous_17)
FNDA:0,(anonymous_18)
FNDA:0,(anonymous_19)
FNDA:0,(anonymous_20)
FNDA:0,(anonymous_21)
FNDA:0,(anonymous_22)
FNDA:0,(anonymous_23)
FNDA:0,(anonymous_24)
FNDA:0,(anonymous_25)
FNDA:0,(anonymous_26)
FNDA:0,(anonymous_27)
FNDA:0,(anonymous_28)
FNDA:0,(anonymous_29)
FNDA:0,(anonymous_30)
FNDA:0,(anonymous_31)
FNDA:0,(anonymous_32)
FNDA:0,(anonymous_33)
FNDA:0,(anonymous_34)
FNDA:0,(anonymous_35)
FNDA:0,(anonymous_36)
FNDA:0,(anonymous_37)
FNDA:0,(anonymous_38)
FNDA:0,(anonymous_39)
DA:1,22
DA:2,22
DA:5,22
DA:6,22
DA:7,22
DA:13,22
DA:19,103
DA:20,103
DA:22,103
DA:23,103
DA:24,103
DA:32,0
DA:40,0
DA:41,0
DA:42,0
DA:43,0
DA:45,0
DA:47,0
DA:49,0
DA:51,0
DA:52,0
DA:57,0
DA:70,0
DA:72,0
DA:74,0
DA:76,0
DA:79,0
DA:82,0
DA:83,0
DA:84,0
DA:85,0
DA:88,0
DA:93,0
DA:96,0
DA:97,0
DA:105,0
DA:110,0
DA:113,0
DA:114,0
DA:115,0
DA:116,0
DA:119,0
DA:131,0
DA:133,0
DA:137,0
DA:140,0
DA:157,0
DA:159,0
DA:166,0
DA:167,0
DA:169,0
DA:170,0
DA:179,0
DA:181,0
DA:182,0
DA:183,0
DA:184,0
DA:185,0
DA:196,0
DA:203,0
DA:205,0
DA:207,0
DA:208,0
DA:211,0
DA:214,0
DA:215,0
DA:218,0
DA:222,0
DA:229,0
DA:236,0
DA:248,0
DA:250,0
DA:256,0
DA:259,0
DA:263,0
DA:264,0
DA:265,0
DA:266,0
DA:267,0
DA:268,0
DA:269,0
DA:271,0
DA:274,0
DA:281,0
DA:282,0
DA:285,0
DA:288,0
DA:289,0
DA:293,0
DA:296,0
DA:297,0
DA:301,0
DA:304,0
DA:305,0
DA:309,0
DA:312,0
DA:314,0
DA:318,0
DA:319,0
DA:320,0
DA:324,0
DA:325,0
DA:326,0
DA:329,0
DA:339,0
DA:343,0
DA:345,0
DA:346,0
DA:349,0
DA:351,0
DA:353,0
DA:354,0
LF:112
LH:11
BRDA:25,0,0,103
BRDA:25,0,1,103
BRDA:33,1,0,0
BRDA:33,1,1,0
BRDA:34,2,0,0
BRDA:34,2,1,0
BRDA:35,3,0,0
BRDA:35,3,1,0
BRDA:36,4,0,0
BRDA:36,4,1,0
BRDA:37,5,0,0
BRDA:37,5,1,0
BRDA:47,6,0,0
BRDA:48,7,0,0
BRDA:48,7,1,0
BRDA:70,8,0,0
BRDA:70,8,1,0
BRDA:72,9,0,0
BRDA:72,9,1,0
BRDA:74,10,0,0
BRDA:74,10,1,0
BRDA:129,11,0,0
BRDA:143,12,0,0
BRDA:143,12,1,0
BRDA:172,13,0,0
BRDA:172,13,1,0
BRDA:173,14,0,0
BRDA:173,14,1,0
BRDA:174,15,0,0
BRDA:174,15,1,0
BRDA:181,16,0,0
BRDA:205,17,0,0
BRDA:205,18,0,0
BRDA:205,18,1,0
BRDA:207,19,0,0
BRDA:214,20,0,0
BRDA:214,21,0,0
BRDA:214,21,1,0
BRDA:228,22,0,0
BRDA:239,23,0,0
BRDA:239,23,1,0
BRDA:256,24,0,0
BRDA:259,25,0,0
BRDA:259,25,1,0
BRDA:261,26,0,0
BRDA:261,26,1,0
BRDA:263,27,0,0
BRDA:263,27,1,0
BRDA:265,28,0,0
BRDA:265,28,1,0
BRDA:288,29,0,0
BRDA:296,30,0,0
BRDA:304,31,0,0
BRDA:312,32,0,0
BRDA:319,33,0,0
BRDA:325,34,0,0
BRDA:337,35,0,0
BRF:57
BRH:2
end_of_record
TN:
SF:src/agentic/improvement/SelfTestRegistry.ts
FN:11,(anonymous_0)
FN:20,(anonymous_1)
FN:34,(anonymous_2)
FN:46,(anonymous_3)
FN:70,(anonymous_4)
FN:95,(anonymous_5)
FN:108,(anonymous_6)
FN:108,(anonymous_7)
FN:144,(anonymous_8)
FN:162,(anonymous_9)
FN:191,(anonymous_10)
FN:202,(anonymous_11)
FN:213,(anonymous_12)
FNF:13
FNH:9
FNDA:103,(anonymous_0)
FNDA:2,(anonymous_1)
FNDA:2,(anonymous_2)
FNDA:2,(anonymous_3)
FNDA:2,(anonymous_4)
FNDA:3,(anonymous_5)
FNDA:12,(anonymous_6)
FNDA:60,(anonymous_7)
FNDA:1,(anonymous_8)
FNDA:0,(anonymous_9)
FNDA:0,(anonymous_10)
FNDA:0,(anonymous_11)
FNDA:0,(anonymous_12)
DA:10,22
DA:12,103
DA:13,103
DA:14,103
DA:25,2
DA:26,2
DA:35,2
DA:49,2
DA:54,2
DA:55,2
DA:56,3
DA:57,3
DA:58,3
DA:60,3
DA:61,3
DA:65,0
DA:68,2
DA:70,2
DA:72,2
DA:79,0
DA:89,3
DA:92,2
DA:96,3
DA:98,2
DA:99,2
DA:107,2
DA:108,60
DA:110,2
DA:113,0
DA:114,0
DA:119,0
DA:122,0
DA:123,0
DA:124,0
DA:134,0
DA:137,1
DA:138,1
DA:139,1
DA:141,1
DA:145,1
DA:160,0
DA:163,0
DA:178,0
DA:181,0
DA:182,0
DA:189,0
DA:191,0
DA:192,0
DA:200,0
DA:202,0
DA:203,0
DA:206,0
DA:214,0
DA:215,0
DA:218,0
DA:220,0
DA:235,0
DA:241,0
LF:58
LH:31
BRDA:14,0,0,0
BRDA:60,1,0,3
BRDA:60,1,1,0
BRDA:83,2,0,0
BRDA:83,2,1,0
BRDA:96,3,0,2
BRDA:96,3,1,0
BRDA:96,3,2,0
BRDA:96,3,3,1
BRDA:96,3,4,0
BRDA:96,3,5,0
BRDA:100,4,0,2
BRDA:100,4,1,2
BRDA:101,5,0,2
BRDA:101,5,1,2
BRDA:102,6,0,2
BRDA:102,6,1,2
BRDA:103,7,0,2
BRDA:103,7,1,0
BRDA:104,8,0,2
BRDA:104,8,1,0
BRDA:105,9,0,2
BRDA:105,9,1,0
BRDA:113,10,0,0
BRDA:113,10,1,0
BRDA:122,11,0,0
BRDA:122,11,1,0
BRDA:123,12,0,0
BRDA:123,12,1,0
BRDA:137,13,0,1
BRDA:137,13,1,0
BRDA:138,14,0,1
BRDA:138,14,1,0
BRDA:139,15,0,1
BRDA:139,15,1,1
BRDA:178,16,0,0
BRDA:178,16,1,0
BRDA:181,17,0,0
BRDA:181,17,1,0
BRDA:189,18,0,0
BRDA:191,19,0,0
BRDA:191,19,1,0
BRDA:200,20,0,0
BRDA:202,21,0,0
BRDA:202,21,1,0
BRDA:214,22,0,0
BRDA:214,22,1,0
BRDA:215,23,0,0
BRDA:218,24,0,0
BRDA:218,24,1,0
BRDA:224,25,0,0
BRDA:224,25,1,0
BRF:52
BRH:16
end_of_record
TN:
SF:src/agentic/improvement/SkillSynthesizer.ts
FN:18,(anonymous_0)
FN:23,(anonymous_1)
FN:78,(anonymous_2)
FN:87,(anonymous_3)
FN:99,(anonymous_4)
FN:103,(anonymous_5)
FN:132,(anonymous_6)
FN:145,(anonymous_7)
FN:148,(anonymous_8)
FN:165,(anonymous_9)
FN:180,(anonymous_10)
FN:201,(anonymous_11)
FN:204,(anonymous_12)
FN:234,(anonymous_13)
FN:276,(anonymous_14)
FN:279,(anonymous_15)
FN:310,(anonymous_16)
FN:330,(anonymous_17)
FN:336,(anonymous_18)
FN:340,(anonymous_19)
FNF:20
FNH:19
FNDA:107,(anonymous_0)
FNDA:5,(anonymous_1)
FNDA:0,(anonymous_2)
FNDA:2,(anonymous_3)
FNDA:3,(anonymous_4)
FNDA:6,(anonymous_5)
FNDA:3,(anonymous_6)
FNDA:5,(anonymous_7)
FNDA:9,(anonymous_8)
FNDA:46,(anonymous_9)
FNDA:107,(anonymous_10)
FNDA:1,(anonymous_11)
FNDA:1,(anonymous_12)
FNDA:4,(anonymous_13)
FNDA:5,(anonymous_14)
FNDA:15,(anonymous_15)
FNDA:5,(anonymous_16)
FNDA:4,(anonymous_17)
FNDA:4,(anonymous_18)
FNDA:1,(anonymous_19)
DA:16,107
DA:19,107
DA:20,107
DA:24,5
DA:25,5
DA:29,5
DA:31,5
DA:32,5
DA:33,5
DA:35,5
DA:36,1
DA:39,1
DA:48,4
DA:54,4
DA:55,4
DA:58,4
DA:59,4
DA:60,4
DA:73,0
DA:76,0
DA:77,0
DA:78,0
DA:81,0
DA:90,2
DA:91,2
DA:93,2
DA:99,3
DA:103,6
DA:120,2
DA:126,2
DA:127,2
DA:130,2
DA:131,2
DA:132,3
DA:141,0
DA:146,5
DA:149,9
DA:153,5
DA:167,46
DA:174,22
DA:178,107
DA:181,107
DA:182,107
DA:183,107
DA:185,107
DA:193,107
DA:194,107
DA:203,1
DA:204,1
DA:206,1
DA:209,1
DA:216,1
DA:235,4
DA:239,4
DA:247,4
DA:249,4
DA:250,4
DA:251,15
DA:252,15
DA:253,15
DA:256,4
DA:257,4
DA:258,5
DA:261,4
DA:263,4
DA:264,4
DA:265,5
DA:266,5
DA:267,5
DA:270,4
DA:272,4
DA:274,4
DA:275,4
DA:277,5
DA:279,15
DA:292,4
DA:293,1
DA:294,1
DA:295,2
DA:296,2
DA:299,3
DA:300,3
DA:301,3
DA:302,3
DA:307,4
DA:314,5
DA:332,4
DA:333,4
DA:334,4
DA:335,1
DA:336,4
DA:340,1
DA:341,1
DA:342,1
LF:94
LH:88
BRDA:29,0,0,5
BRDA:29,0,1,1
BRDA:35,1,0,1
BRDA:41,2,0,1
BRDA:41,2,1,1
BRDA:54,3,0,4
BRDA:62,4,0,4
BRDA:62,4,1,0
BRDA:65,5,0,4
BRDA:65,5,1,0
BRDA:77,6,0,0
BRDA:90,7,0,2
BRDA:90,7,1,0
BRDA:91,8,0,0
BRDA:101,9,0,3
BRDA:101,9,1,3
BRDA:103,10,0,6
BRDA:103,10,1,0
BRDA:126,11,0,2
BRDA:149,12,0,9
BRDA:149,12,1,0
BRDA:157,13,0,5
BRDA:157,13,1,4
BRDA:183,14,0,0
BRDA:185,15,0,107
BRDA:185,15,1,103
BRDA:193,16,0,107
BRDA:193,16,1,106
BRDA:206,17,0,0
BRDA:218,18,0,1
BRDA:218,18,1,0
BRDA:247,19,0,0
BRDA:252,20,0,5
BRDA:258,21,0,5
BRDA:261,22,0,0
BRDA:265,23,0,5
BRDA:265,23,1,0
BRDA:266,24,0,4
BRDA:281,25,0,15
BRDA:281,25,1,0
BRDA:292,26,0,1
BRDA:292,26,1,3
BRDA:292,27,0,4
BRDA:292,27,1,1
BRDA:292,27,2,0
BRDA:296,28,0,2
BRDA:302,29,0,3
BRDA:321,30,0,5
BRDA:321,30,1,5
BRDA:333,31,0,4
BRDA:333,31,1,0
BRDA:334,32,0,1
BRDA:344,33,0,1
BRDA:344,33,1,0
BRF:54
BRH:37
end_of_record
TN:
SF:src/agentic/improvement/SovereignMetrics.ts
FN:33,(anonymous_0)
FN:40,(anonymous_1)
FN:47,(anonymous_2)
FN:77,(anonymous_3)
FN:80,(anonymous_4)
FN:90,(anonymous_5)
FN:96,(anonymous_6)
FN:124,(anonymous_7)
FN:132,(anonymous_8)
FN:138,(anonymous_9)
FN:150,(anonymous_10)
FN:156,(anonymous_11)
FN:168,(anonymous_12)
FN:171,(anonymous_13)
FNF:14
FNH:3
FNDA:103,(anonymous_0)
FNDA:0,(anonymous_1)
FNDA:2,(anonymous_2)
FNDA:0,(anonymous_3)
FNDA:0,(anonymous_4)
FNDA:0,(anonymous_5)
FNDA:0,(anonymous_6)
FNDA:0,(anonymous_7)
FNDA:0,(anonymous_8)
FNDA:0,(anonymous_9)
FNDA:0,(anonymous_10)
FNDA:0,(anonymous_11)
FNDA:0,(anonymous_12)
FNDA:2,(anonymous_13)
DA:30,22
DA:34,103
DA:35,103
DA:37,103
DA:41,0
DA:57,2
DA:71,2
DA:78,0
DA:80,0
DA:84,0
DA:94,0
DA:96,0
DA:104,0
DA:105,0
DA:107,0
DA:108,0
DA:111,0
DA:113,0
DA:125,0
DA:132,0
DA:142,0
DA:150,0
DA:160,0
DA:168,0
DA:172,2
LF:25
LH:7
BRDA:35,0,0,0
BRDA:37,1,0,103
BRDA:37,1,1,102
BRDA:50,2,0,0
BRDA:60,3,0,2
BRDA:60,3,1,2
BRDA:61,4,0,2
BRDA:61,4,1,2
BRDA:64,5,0,2
BRDA:64,5,1,2
BRDA:65,6,0,2
BRDA:65,6,1,0
BRDA:84,7,0,0
BRDA:84,7,1,0
BRDA:92,8,0,0
BRDA:104,9,0,0
BRDA:107,10,0,0
BRDA:114,11,0,0
BRDA:114,11,1,0
BRDA:115,12,0,0
BRDA:115,12,1,0
BRDA:116,13,0,0
BRDA:116,13,1,0
BRDA:117,14,0,0
BRDA:117,14,1,0
BRDA:124,15,0,0
BRDA:140,16,0,0
BRDA:158,17,0,0
BRDA:180,18,0,2
BRDA:180,18,1,0
BRDA:182,19,0,0
BRDA:182,19,1,0
BRF:32
BRH:10
end_of_record
TN:
SF:src/agentic/improvement/StrategicPlanner.ts
FN:35,(anonymous_0)
FN:51,(anonymous_1)
FN:56,(anonymous_2)
FN:62,(anonymous_3)
FN:74,(anonymous_4)
FN:85,(anonymous_5)
FN:98,(anonymous_6)
FN:98,(anonymous_7)
FN:110,(anonymous_8)
FN:111,(anonymous_9)
FN:111,(anonymous_10)
FN:117,(anonymous_11)
FN:118,(anonymous_12)
FN:124,(anonymous_13)
FN:128,(anonymous_14)
FN:132,(anonymous_15)
FNF:16
FNH:13
FNDA:109,(anonymous_0)
FNDA:1,(anonymous_1)
FNDA:0,(anonymous_2)
FNDA:1,(anonymous_3)
FNDA:0,(anonymous_4)
FNDA:1,(anonymous_5)
FNDA:2,(anonymous_6)
FNDA:0,(anonymous_7)
FNDA:2,(anonymous_8)
FNDA:4,(anonymous_9)
FNDA:2,(anonymous_10)
FNDA:1,(anonymous_11)
FNDA:1,(anonymous_12)
FNDA:3,(anonymous_13)
FNDA:6,(anonymous_14)
FNDA:4,(anonymous_15)
DA:7,23
DA:8,23
DA:9,23
DA:27,23
DA:36,109
DA:37,109
DA:38,109
DA:40,109
DA:41,109
DA:43,109
DA:44,109
DA:45,109
DA:52,1
DA:55,1
DA:56,1
DA:57,0
DA:58,0
DA:61,1
DA:62,1
DA:64,1
DA:65,1
DA:66,1
DA:68,1
DA:69,1
DA:72,1
DA:73,0
DA:74,0
DA:76,0
DA:77,0
DA:81,1
DA:84,1
DA:85,1
DA:86,1
DA:92,1
DA:93,0
DA:96,1
DA:97,1
DA:98,2
DA:100,1
DA:104,1
DA:111,4
DA:118,1
DA:125,3
DA:129,6
DA:133,4
LF:45
LH:38
BRDA:38,0,0,6
BRDA:40,1,0,109
BRDA:40,1,1,105
BRDA:41,2,0,109
BRDA:41,2,1,108
BRDA:56,3,0,0
BRDA:64,4,0,1
BRDA:64,4,1,1
BRDA:65,5,0,1
BRDA:65,5,1,1
BRDA:66,6,0,1
BRDA:66,6,1,1
BRDA:72,7,0,0
BRDA:76,8,0,0
BRDA:87,9,0,1
BRDA:87,9,1,0
BRDA:88,10,0,0
BRDA:88,10,1,0
BRDA:92,11,0,0
BRDA:92,12,0,1
BRDA:92,12,1,1
BRDA:92,12,2,0
BRDA:92,12,3,0
BRDA:96,13,0,1
BRDA:96,14,0,1
BRDA:96,14,1,0
BRDA:100,15,0,1
BRDA:137,16,0,0
BRDA:137,16,1,4
BRDA:137,17,0,4
BRDA:137,17,1,4
BRDA:138,18,0,0
BRDA:138,18,1,4
BRDA:138,19,0,4
BRDA:138,19,1,4
BRDA:139,20,0,4
BRDA:139,20,1,0
BRDA:139,21,0,0
BRDA:139,21,1,0
BRF:39
BRH:24
end_of_record
TN:
SF:src/agentic/improvement/distillation/ConflictChallenger.ts
FN:4,(anonymous_0)
FNF:1
FNH:1
FNDA:5,(anonymous_0)
DA:3,24
DA:13,5
DA:15,5
DA:22,5
DA:23,1
DA:24,1
DA:27,1
DA:28,0
DA:29,0
DA:30,0
DA:32,0
DA:33,0
DA:34,0
DA:38,0
DA:40,0
DA:41,0
DA:45,0
DA:48,0
DA:50,0
LF:19
LH:7
BRDA:24,0,0,0
BRDA:27,1,0,0
BRDA:32,2,0,0
BRDA:32,2,1,0
BRF:4
BRH:0
end_of_record
TN:
SF:src/agentic/improvement/distillation/FactDistiller.ts
FN:8,(anonymous_0)
FN:12,(anonymous_1)
FN:76,(anonymous_2)
FN:111,(anonymous_3)
FNF:4
FNH:3
FNDA:0,(anonymous_0)
FNDA:6,(anonymous_1)
FNDA:5,(anonymous_2)
FNDA:2,(anonymous_3)
DA:4,24
DA:9,0
DA:24,6
DA:31,6
DA:33,1
DA:34,1
DA:37,1
DA:38,1
DA:39,1
DA:41,1
DA:49,1
DA:50,1
DA:53,1
DA:54,1
DA:55,0
DA:58,1
DA:73,5
DA:87,5
DA:94,5
DA:117,2
DA:123,2
DA:125,2
DA:130,2
DA:131,2
DA:132,2
DA:135,2
DA:138,2
DA:139,2
DA:140,0
DA:143,2
LF:30
LH:27
BRDA:19,0,0,0
BRDA:20,1,0,0
BRDA:21,2,0,0
BRDA:31,3,0,1
BRDA:33,4,0,1
BRDA:33,4,1,0
BRDA:37,5,0,1
BRDA:37,5,1,0
BRDA:38,6,0,1
BRDA:38,6,1,0
BRDA:39,7,0,1
BRDA:49,8,0,0
BRDA:49,8,1,1
BRDA:53,9,0,1
BRDA:53,9,1,0
BRDA:54,10,0,0
BRDA:54,11,0,1
BRDA:54,11,1,1
BRDA:66,12,0,1
BRDA:66,12,1,0
BRDA:83,13,0,0
BRDA:84,14,0,0
BRDA:85,15,0,0
BRDA:90,16,0,1
BRDA:90,16,1,4
BRDA:91,17,0,1
BRDA:91,17,1,4
BRDA:99,18,0,0
BRDA:99,18,1,5
BRDA:100,19,0,0
BRDA:100,19,1,5
BRDA:101,20,0,5
BRDA:101,20,1,4
BRDA:115,21,0,0
BRDA:123,22,0,0
BRDA:125,23,0,2
BRDA:125,23,1,0
BRDA:127,24,0,0
BRDA:127,24,1,0
BRDA:131,25,0,2
BRDA:131,26,0,2
BRDA:131,26,1,2
BRDA:131,27,0,2
BRDA:131,27,1,0
BRDA:138,28,0,2
BRDA:138,28,1,1
BRDA:139,29,0,0
BRDA:139,30,0,2
BRDA:139,30,1,2
BRF:49
BRH:27
end_of_record
TN:
SF:src/agentic/improvement/distillation/KnowledgeConsolidator.ts
FN:6,(anonymous_0)
FN:16,(anonymous_1)
FN:42,(anonymous_2)
FN:57,(anonymous_3)
FNF:4
FNH:4
FNDA:2,(anonymous_0)
FNDA:1,(anonymous_1)
FNDA:2,(anonymous_2)
FNDA:2,(anonymous_3)
DA:3,24
DA:5,24
DA:11,2
DA:12,2
DA:16,1
DA:20,2
DA:21,2
DA:22,2
DA:23,2
DA:24,2
DA:26,2
DA:27,4
DA:28,2
DA:29,2
DA:30,2
DA:31,2
DA:32,2
DA:33,2
DA:34,2
DA:39,2
DA:48,2
DA:55,2
DA:57,2
DA:58,2
DA:69,2
LF:25
LH:25
BRDA:27,0,0,2
BRDA:29,1,0,0
BRDA:31,2,0,2
BRDA:55,3,0,2
BRDA:55,3,1,0
BRDA:55,4,0,2
BRDA:55,4,1,0
BRF:7
BRH:4
end_of_record
TN:
SF:src/agentic/improvement/distillation/RelationshipArchitect.ts
FN:6,(anonymous_0)
FN:14,(anonymous_1)
FN:15,(anonymous_2)
FN:53,(anonymous_3)
FNF:4
FNH:4
FNDA:5,(anonymous_0)
FNDA:10,(anonymous_1)
FNDA:10,(anonymous_2)
FNDA:1,(anonymous_3)
DA:3,24
DA:5,24
DA:13,5
DA:14,10
DA:15,10
DA:17,5
DA:18,5
DA:24,5
DA:25,0
DA:30,5
DA:39,5
DA:40,5
DA:41,4
DA:42,4
DA:43,4
DA:44,1
DA:48,5
DA:49,1
DA:61,1
DA:63,1
DA:71,1
DA:72,0
DA:78,1
LF:23
LH:21
BRDA:13,0,0,5
BRDA:13,0,1,0
BRDA:15,1,0,10
BRDA:15,1,1,10
BRDA:17,2,0,5
BRDA:43,3,0,1
BRDA:61,4,0,0
BRDA:71,5,0,0
BRDA:71,5,1,1
BRDA:74,6,0,0
BRDA:74,6,1,0
BRDA:84,7,0,1
BRDA:84,7,1,0
BRF:13
BRH:7
end_of_record
TN:
SF:src/agentic/improvement/governance/BudgetAuditor.ts
FN:4,(anonymous_0)
FN:12,(anonymous_1)
FN:19,(anonymous_2)
FN:20,(anonymous_3)
FN:29,(anonymous_4)
FN:32,(anonymous_5)
FNF:6
FNH:4
FNDA:3,(anonymous_0)
FNDA:0,(anonymous_1)
FNDA:6,(anonymous_2)
FNDA:2,(anonymous_3)
FNDA:6,(anonymous_4)
FNDA:0,(anonymous_5)
DA:3,24
DA:5,3
DA:8,3
DA:12,0
DA:19,3
DA:20,6
DA:21,6
DA:22,1
DA:23,1
DA:26,3
DA:27,3
DA:29,3
DA:30,6
DA:32,0
DA:36,6
DA:39,3
DA:40,3
DA:41,0
DA:44,3
DA:45,3
DA:46,0
DA:49,3
LF:22
LH:18
BRDA:21,0,0,5
BRDA:22,1,0,1
BRDA:22,1,1,0
BRDA:23,2,0,1
BRDA:23,2,1,0
BRDA:23,2,2,0
BRDA:36,3,0,6
BRDA:36,3,1,1
BRDA:40,4,0,0
BRDA:40,5,0,3
BRDA:40,5,1,2
BRDA:45,6,0,0
BRDA:45,7,0,3
BRDA:45,7,1,2
BRF:14
BRH:9
end_of_record
TN:
SF:src/agentic/improvement/governance/EmergenceAuditor.ts
FN:4,(anonymous_0)
FN:27,(anonymous_1)
FN:28,(anonymous_2)
FN:29,(anonymous_3)
FNF:4
FNH:1
FNDA:1,(anonymous_0)
FNDA:0,(anonymous_1)
FNDA:0,(anonymous_2)
FNDA:0,(anonymous_3)
DA:3,24
DA:5,1
DA:8,1
DA:14,1
DA:15,0
DA:19,1
DA:26,1
DA:27,0
DA:28,0
DA:29,0
DA:31,0
DA:32,0
DA:36,1
LF:13
LH:7
BRDA:14,0,0,0
BRDA:26,1,0,0
BRDA:31,2,0,0
BRDA:38,3,0,0
BRDA:38,3,1,1
BRF:5
BRH:1
end_of_record
TN:
SF:src/agentic/improvement/governance/MaintenanceOracle.ts
FN:4,(anonymous_0)
[...]
FN:333,(anonymous_13)
FN:339,(anonymous_14)
FN:357,(anonymous_15)
FN:359,(anonymous_16)
FN:360,(anonymous_17)
FNF:18
FNH:15
FNDA:198,(anonymous_0)
FNDA:49,(anonymous_1)
FNDA:122,(anonymous_2)
FNDA:122,(anonymous_3)
FNDA:122,(anonymous_4)
FNDA:122,(anonymous_5)
FNDA:122,(anonymous_6)
FNDA:49,(anonymous_7)
FNDA:2486,(anonymous_8)
FNDA:122,(anonymous_9)
FNDA:792,(anonymous_10)
FNDA:0,(anonymous_11)
FNDA:0,(anonymous_12)
FNDA:0,(anonymous_13)
FNDA:264,(anonymous_14)
FNDA:1013,(anonymous_15)
FNDA:17,(anonymous_16)
FNDA:1013,(anonymous_17)
DA:14,22
DA:15,198
DA:21,49
DA:22,49
DA:23,49
DA:26,49
DA:27,122
DA:28,122
DA:30,122
DA:31,122
DA:32,122
DA:33,122
DA:37,49
DA:39,49
DA:53,122
DA:54,122
DA:57,122
DA:64,122
DA:67,122
DA:70,122
DA:72,122
DA:90,122
DA:93,122
DA:94,652
DA:95,122
DA:96,122
DA:97,122
DA:102,122
DA:103,652
DA:104,530
DA:105,530
DA:106,530
DA:111,122
DA:115,122
DA:116,264
DA:117,264
DA:120,122
DA:121,122
DA:128,122
DA:130,122
DA:132,652
DA:134,530
DA:135,530
DA:136,530
DA:139,122
DA:140,122
DA:147,122
DA:149,122
DA:150,652
DA:151,652
DA:152,652
DA:155,122
DA:156,122
DA:163,122
DA:165,122
DA:166,652
DA:167,652
DA:168,652
DA:171,122
DA:172,122
DA:179,49
DA:182,49
DA:183,49
DA:184,264
DA:185,99
DA:187,264
DA:190,49
DA:191,99
DA:193,99
DA:194,264
DA:197,264
DA:199,99
DA:200,99
DA:202,99
DA:203,99
DA:205,66
DA:206,66
DA:208,0
DA:211,264
DA:215,49
DA:223,2486
DA:224,0
DA:228,2486
DA:229,0
DA:230,0
DA:235,0
DA:236,0
DA:239,2486
DA:289,2486
DA:290,924
DA:293,924
DA:294,264
DA:297,924
DA:301,1562
DA:302,1562
DA:303,0
DA:306,0
DA:307,0
DA:310,0
DA:314,1562
DA:324,792
DA:331,0
DA:332,0
DA:333,0
DA:340,264
DA:342,264
DA:344,99
DA:346,99
DA:348,66
DA:350,0
DA:358,1013
DA:359,17
DA:360,1013
LF:113
LH:99
BRDA:15,0,0,8
BRDA:94,1,0,122
BRDA:96,2,0,122
BRDA:96,2,1,0
BRDA:103,3,0,530
BRDA:105,4,0,233
BRDA:105,4,1,297
BRDA:132,5,0,122
BRDA:135,6,0,398
BRDA:135,6,1,132
BRDA:135,7,0,530
BRDA:135,7,1,297
BRDA:151,8,0,122
BRDA:151,8,1,530
BRDA:167,9,0,355
BRDA:167,9,1,297
BRDA:184,10,0,99
BRDA:197,11,0,99
BRDA:197,11,1,99
BRDA:197,11,2,66
BRDA:197,11,3,0
BRDA:223,12,0,0
BRDA:228,13,0,0
BRDA:236,14,0,0
BRDA:236,14,1,0
BRDA:289,15,0,924
BRDA:293,16,0,264
BRDA:293,17,0,924
BRDA:293,17,1,264
BRDA:302,18,0,0
BRDA:306,19,0,0
BRDA:306,20,0,0
BRDA:306,20,1,0
BRDA:314,21,0,1034
BRDA:314,21,1,528
BRDA:342,22,0,99
BRDA:342,22,1,99
BRDA:342,22,2,66
BRDA:342,22,3,0
BRF:39
BRH:28
end_of_record
TN:
SF:src/util/assert.ts
FN:1,assertNotNullOrUndefined
FN:9,assertIsString
FNF:2
FNH:0
FNDA:0,assertNotNullOrUndefined
FNDA:0,assertIsString
DA:1,0
DA:4,0
DA:5,0
DA:9,0
DA:10,0
DA:11,0
LF:6
LH:0
BRDA:4,0,0,0
BRDA:4,1,0,0
BRDA:4,1,1,0
BRDA:10,2,0,0
BRF:4
BRH:0
end_of_record
TN:
SF:src/util/compilable.ts
FN:8,isCompilable
FNF:1
FNH:0
FNDA:0,isCompilable
DA:2,22
DA:8,22
DA:9,0
LF:3
LH:2
BRDA:9,0,0,0
BRDA:9,0,1,0
BRF:2
BRH:0
end_of_record
TN:
SF:src/util/deferred.ts
FN:7,(anonymous_0)
FN:8,(anonymous_1)
FN:14,(anonymous_2)
FN:18,(anonymous_3)
FN:24,(anonymous_4)
FNF:5
FNH:0
FNDA:0,(anonymous_0)
FNDA:0,(anonymous_1)
FNDA:0,(anonymous_2)
FNDA:0,(anonymous_3)
FNDA:0,(anonymous_4)
DA:1,29
DA:8,0
DA:9,0
DA:10,0
DA:15,0
DA:18,0
DA:19,0
DA:20,0
DA:24,0
DA:25,0
DA:26,0
LF:11
LH:1
BRDA:19,0,0,0
BRDA:25,1,0,0
BRF:2
BRH:0
end_of_record
TN:
SF:src/util/json-object-args.ts
FN:11,getJsonObjectArgs
FN:35,colName
FN:39,colRef
FNF:3
FNH:0
FNDA:0,getJsonObjectArgs
FNDA:0,colName
FNDA:0,colRef
DA:1,0
DA:3,0
DA:4,0
DA:5,0
DA:6,0
DA:8,0
DA:9,0
DA:11,0
DA:15,0
DA:17,0
DA:18,0
DA:19,0
DA:23,0
DA:24,0
DA:25,0
DA:26,0
DA:28,0
DA:32,0
DA:36,0
DA:40,0
LF:20
LH:0
BRDA:17,0,0,0
BRDA:17,0,1,0
BRDA:18,1,0,0
BRDA:18,1,1,0
BRDA:18,2,0,0
BRDA:18,2,1,0
BRDA:23,3,0,0
BRDA:23,3,1,0
BRDA:25,4,0,0
BRDA:25,4,1,0
BRDA:25,5,0,0
BRDA:25,5,1,0
BRF:12
BRH:0
end_of_record
TN:
SF:src/util/log-once.ts
FN:7,logOnce
FNF:1
FNH:0
FNDA:0,logOnce
DA:1,29
DA:7,29
DA:8,0
DA:9,0
DA:12,0
DA:13,0
LF:6
LH:2
BRDA:8,0,0,0
BRF:1
BRH:0
end_of_record
TN:
SF:src/util/log.ts
FN:31,(anonymous_0)
FN:49,(anonymous_1)
FN:53,(anonymous_2)
FN:59,(anonymous_3)
FN:66,defaultLogger
FNF:5
FNH:4
FNDA:95,(anonymous_0)
FNDA:189,(anonymous_1)
FNDA:156,(anonymous_2)
FNDA:9,(anonymous_3)
FNDA:0,defaultLogger
DA:2,22
DA:5,22
DA:27,22
DA:32,95
DA:33,1
DA:35,1
DA:40,94
DA:42,94
DA:50,189
DA:54,156
DA:55,156
DA:60,9
DA:61,9
DA:67,0
DA:68,0
DA:69,0
DA:70,0
DA:71,0
DA:72,0
DA:73,0
DA:75,0
LF:21
LH:13
BRDA:32,0,0,1
BRDA:32,0,1,94
BRDA:54,1,0,156
BRDA:60,2,0,9
BRDA:67,3,0,0
BRDA:67,3,1,0
BRDA:68,4,0,0
BRDA:68,4,1,0
BRDA:71,5,0,0
BRDA:72,6,0,0
BRDA:72,6,1,0
BRDA:73,7,0,0
BRDA:73,7,1,0
BRF:13
BRH:4
end_of_record
TN:
SF:src/util/object-utils.ts
FN:3,isEmpty
FN:13,isUndefined
FN:17,isString
FN:21,isNumber
FN:25,isBoolean
FN:29,isNull
FN:33,isDate
FN:37,isBigInt
FN:43,isBuffer
FN:47,isFunction
FN:51,isObject
FN:55,isArrayBufferOrView
FN:61,isPlainObject
FN:78,getLast
FN:82,freeze
FN:86,asArray
FN:94,asReadonlyArray
FN:104,isReadonlyArray
FN:108,noop
FN:112,compare
FN:122,compareArrays
FN:139,compareObjects
FN:152,compareBuffers
FN:156,compareDates
FN:160,compareGenericObjects
FN:182,getTag
FNF:26
FNH:11
FNDA:0,isEmpty
FNDA:1295,isUndefined
FNDA:17090,isString
FNDA:136,isNumber
FNDA:78,isBoolean
FNDA:8,isNull
FNDA:0,isDate
FNDA:4,isBigInt
FNDA:0,isBuffer
FNDA:9872,isFunction
FNDA:16533,isObject
FNDA:0,isArrayBufferOrView
FNDA:0,isPlainObject
FNDA:0,getLast
FNDA:93887,freeze
FNDA:0,asArray
FNDA:0,asReadonlyArray
FNDA:3293,isReadonlyArray
FNDA:360,noop
FNDA:0,compare
FNDA:0,compareArrays
FNDA:0,compareObjects
FNDA:0,compareBuffers
FNDA:0,compareDates
FNDA:0,compareGenericObjects
FNDA:0,getTag
DA:3,29
DA:4,0
DA:5,0
DA:6,0
DA:7,0
DA:10,0
DA:13,29
DA:14,1295
DA:17,29
DA:18,17090
DA:21,29
DA:22,136
DA:25,29
DA:26,78
DA:29,29
DA:30,8
DA:33,29
DA:34,0
DA:37,29
DA:38,4
DA:43,29
DA:44,0
DA:47,29
DA:48,9872
DA:51,29
DA:52,16533
DA:55,29
DA:58,0
DA:61,29
DA:62,0
DA:63,0
DA:66,0
DA:67,0
DA:70,0
DA:71,0
DA:72,0
DA:75,0
DA:78,29
DA:79,0
DA:82,29
DA:83,93887
DA:86,29
DA:87,0
DA:88,0
DA:90,0
DA:94,29
DA:97,0
DA:98,0
DA:100,0
DA:104,29
DA:105,3293
DA:108,29
DA:109,360
DA:112,29
DA:113,0
DA:114,0
DA:115,0
DA:116,0
DA:119,0
DA:126,0
DA:127,0
DA:130,0
DA:131,0
DA:132,0
DA:136,0
DA:143,0
DA:144,0
DA:145,0
DA:146,0
DA:149,0
DA:153,0
DA:157,0
DA:164,0
DA:165,0
DA:167,0
DA:168,0
DA:171,0
DA:172,0
DA:173,0
DA:177,0
DA:180,29
DA:183,0
DA:184,0
DA:187,0
LF:84
LH:32
BRDA:4,0,0,0
BRDA:4,0,1,0
BRDA:4,1,0,0
BRDA:4,1,1,0
BRDA:4,1,2,0
BRDA:6,2,0,0
BRDA:14,3,0,1295
BRDA:14,3,1,1286
BRDA:44,4,0,0
BRDA:44,4,1,0
BRDA:52,5,0,16533
BRDA:52,5,1,5229
BRDA:58,6,0,0
BRDA:58,6,1,0
BRDA:62,7,0,0
BRDA:62,8,0,0
BRDA:62,8,1,0
BRDA:66,9,0,0
BRDA:87,10,0,0
BRDA:87,10,1,0
BRDA:97,11,0,0
BRDA:97,11,1,0
BRDA:113,12,0,0
BRDA:113,12,1,0
BRDA:113,13,0,0
BRDA:113,13,1,0
BRDA:115,14,0,0
BRDA:115,15,0,0
BRDA:115,15,1,0
BRDA:126,16,0,0
BRDA:131,17,0,0
BRDA:143,18,0,0
BRDA:143,18,1,0
BRDA:143,19,0,0
BRDA:143,19,1,0
BRDA:145,20,0,0
BRDA:145,21,0,0
BRDA:145,21,1,0
BRDA:167,22,0,0
BRDA:172,23,0,0
BRDA:183,24,0,0
BRDA:184,25,0,0
BRDA:184,25,1,0
BRF:43
BRH:4
end_of_record
TN:
SF:src/util/performance-now.ts
FN:3,performanceNow
FNF:1
FNH:1
FNDA:330,performanceNow
DA:1,22
DA:3,22
DA:4,330
DA:5,330
DA:7,0
LF:5
LH:4
BRDA:4,0,0,330
BRDA:4,0,1,0
BRDA:4,1,0,330
BRDA:4,1,1,330
BRF:4
BRH:3
end_of_record
TN:
SF:src/util/provide-controlled-connection.ts
FN:11,provideControlledConnection
FN:18,(anonymous_1)
FN:22,(anonymous_2)
FNF:3
FNH:0
FNDA:0,provideControlledConnection
FNDA:0,(anonymous_1)
FNDA:0,(anonymous_2)
DA:3,29
DA:4,29
DA:11,29
DA:14,0
DA:15,0
DA:17,0
DA:19,0
DA:20,0
DA:22,0
DA:29,0
LF:10
LH:3
BRF:0
BRH:0
end_of_record
TN:
SF:src/util/query-id.ts
FN:7,createQueryId
FN:14,(anonymous_1)
FNF:2
FNH:1
FNDA:8480,createQueryId
FNDA:0,(anonymous_1)
DA:1,29
DA:7,29
DA:8,8480
DA:15,0
DA:16,0
DA:19,0
LF:6
LH:3
BRDA:15,0,0,0
BRF:1
BRH:0
end_of_record
TN:
SF:src/util/random-string.ts
FN:66,randomString
FN:76,randomChar
FNF:2
FNH:0
FNDA:0,randomString
FNDA:0,randomChar
DA:1,29
DA:66,29
DA:67,0
DA:69,0
DA:70,0
DA:73,0
DA:77,0
LF:7
LH:2
BRF:0
BRH:0
end_of_record
TN:
SF:src/util/require-all-props.ts
FN:43,requireAllProps
FNF:1
FNH:0
FNDA:0,requireAllProps
DA:43,29
DA:44,0
LF:2
LH:1
BRF:0
BRH:0
end_of_record
TN:
SF:src/util/safe-sql-helpers.ts
FN:13,safeOrderDirection
FN:29,safeLimit
FN:45,safeOffset
FN:61,safeKeyword
FN:66,(anonymous_4)
FN:124,safeLockMode
FN:142,safeOrderBy
FN:150,(anonymous_7)
FN:171,safeBoolean
FN:200,safeCaseStatement
FN:226,(anonymous_10)
FN:241,(anonymous_11)
FN:257,(anonymous_12)
FN:265,validateEnum
FN:281,validateNumericRange
FNF:15
FNH:0
FNDA:0,safeOrderDirection
FNDA:0,safeLimit
FNDA:0,safeOffset
FNDA:0,safeKeyword
FNDA:0,(anonymous_4)
FNDA:0,safeLockMode
FNDA:0,safeOrderBy
FNDA:0,(anonymous_7)
FNDA:0,safeBoolean
FNDA:0,safeCaseStatement
FNDA:0,(anonymous_10)
FNDA:0,(anonymous_11)
FNDA:0,(anonymous_12)
FNDA:0,validateEnum
FNDA:0,validateNumericRange
DA:6,0
DA:13,0
DA:14,0
DA:16,0
DA:17,0
DA:22,0
DA:29,0
DA:30,0
DA:32,0
DA:33,0
DA:38,0
DA:45,0
DA:46,0
DA:48,0
DA:49,0
DA:54,0
DA:61,0
DA:65,0
DA:66,0
DA:68,0
DA:69,0
DA:74,0
DA:80,0
DA:124,0
DA:127,0
DA:142,0
DA:146,0
DA:147,0
DA:150,0
DA:151,0
DA:152,0
DA:157,0
DA:158,0
DA:159,0
DA:162,0
DA:165,0
DA:171,0
DA:176,0
DA:177,0
DA:178,0
DA:179,0
DA:180,0
DA:181,0
DA:183,0
DA:189,0
DA:200,0
DA:204,0
DA:205,0
DA:210,0
DA:212,0
DA:213,0
DA:216,0
DA:222,0
DA:227,0
DA:228,0
DA:230,0
DA:232,0
DA:242,0
DA:244,0
DA:245,0
DA:248,0
DA:258,0
DA:265,0
DA:270,0
DA:271,0
DA:275,0
DA:281,0
DA:287,0
DA:289,0
DA:290,0
DA:293,0
DA:294,0
DA:299,0
LF:73
LH:0
BRDA:16,0,0,0
BRDA:16,1,0,0
BRDA:16,1,1,0
BRDA:30,2,0,0
BRDA:30,2,1,0
BRDA:32,3,0,0
BRDA:32,4,0,0
BRDA:32,4,1,0
BRDA:32,4,2,0
BRDA:46,5,0,0
BRDA:46,5,1,0
BRDA:48,6,0,0
BRDA:48,7,0,0
BRDA:48,7,1,0
BRDA:48,7,2,0
BRDA:68,8,0,0
BRDA:146,9,0,0
BRDA:150,10,0,0
BRDA:151,11,0,0
BRDA:158,12,0,0
BRDA:158,13,0,0
BRDA:158,13,1,0
BRDA:176,14,0,0
BRDA:176,14,1,0
BRDA:178,15,0,0
BRDA:178,15,1,0
BRDA:178,16,0,0
BRDA:178,16,1,0
BRDA:178,16,2,0
BRDA:180,17,0,0
BRDA:180,17,1,0
BRDA:180,18,0,0
BRDA:180,18,1,0
BRDA:180,18,2,0
BRDA:204,19,0,0
BRDA:244,20,0,0
BRDA:268,21,0,0
BRDA:270,22,0,0
BRDA:285,23,0,0
BRDA:287,24,0,0
BRDA:287,24,1,0
BRDA:289,25,0,0
BRDA:293,26,0,0
BRDA:293,27,0,0
BRDA:293,27,1,0
BRF:45
BRH:0
end_of_record
TN:
SF:src/util/security-validator.ts
FN:10,validateIdentifier
FN:90,validateTableReference
FN:103,(anonymous_2)
FN:117,validateColumnReference
FN:130,(anonymous_4)
FN:147,validateFilePath
FN:180,(anonymous_6)
FN:211,sanitizeDatabasePath
FN:231,validateOutputDirectory
FN:265,validateMigrationName
FN:294,(anonymous_10)
FN:299,(anonymous_11)
FN:304,(anonymous_12)
FN:321,(anonymous_13)
FN:324,(anonymous_14)
FNF:15
FNH:1
FNDA:15989,validateIdentifier
FNDA:0,validateTableReference
FNDA:0,(anonymous_2)
FNDA:0,validateColumnReference
FNDA:0,(anonymous_4)
FNDA:0,validateFilePath
FNDA:0,(anonymous_6)
FNDA:0,sanitizeDatabasePath
FNDA:0,validateOutputDirectory
FNDA:0,validateMigrationName
FNDA:0,(anonymous_10)
FNDA:0,(anonymous_11)
FNDA:0,(anonymous_12)
FNDA:0,(anonymous_13)
FNDA:0,(anonymous_14)
DA:10,29
DA:14,15989
DA:15,0
DA:18,15989
DA:19,0
DA:22,15989
DA:23,0
DA:27,15989
DA:48,15989
DA:49,287802
DA:50,0
DA:59,15989
DA:60,15989
DA:61,0
DA:69,15989
DA:78,15989
DA:79,95934
DA:80,0
DA:90,29
DA:91,0
DA:94,0
DA:95,0
DA:96,0
DA:103,0
DA:105,0
DA:110,0
DA:117,29
DA:118,0
DA:121,0
DA:122,0
DA:123,0
DA:130,0
DA:132,0
DA:133,0
DA:134,0
DA:135,0
DA:137,0
DA:140,0
DA:147,29
DA:151,0
DA:152,0
DA:155,0
DA:156,0
DA:160,0
DA:169,0
DA:170,0
DA:171,0
DA:179,0
DA:180,0
DA:181,0
DA:184,0
DA:185,0
DA:193,0
DA:199,0
DA:200,0
DA:201,0
DA:211,29
DA:212,0
DA:215,0
DA:220,0
DA:225,0
DA:231,29
DA:232,0
DA:233,0
DA:236,0
DA:237,0
DA:241,0
DA:242,0
DA:248,0
DA:249,0
DA:253,0
DA:254,0
DA:255,0
DA:265,29
DA:266,0
DA:267,0
DA:270,0
DA:271,0
DA:274,0
DA:275,0
DA:279,0
DA:280,0
DA:281,0
DA:291,29
DA:292,0
DA:295,0
DA:296,0
DA:300,0
DA:301,0
DA:304,0
DA:306,0
DA:307,0
DA:312,0
DA:313,0
DA:316,0
DA:317,0
DA:322,0
DA:323,0
DA:324,0
DA:326,0
DA:327,0
DA:329,0
LF:102
LH:19
BRDA:12,0,0,0
BRDA:14,1,0,0
BRDA:18,2,0,0
BRDA:22,3,0,0
BRDA:49,4,0,0
BRDA:60,5,0,0
BRDA:79,6,0,0
BRDA:95,7,0,0
BRDA:105,8,0,0
BRDA:105,8,1,0
BRDA:106,9,0,0
BRDA:106,9,1,0
BRDA:122,10,0,0
BRDA:132,11,0,0
BRDA:132,11,1,0
BRDA:134,12,0,0
BRDA:134,12,1,0
BRDA:135,13,0,0
BRDA:135,13,1,0
BRDA:138,14,0,0
BRDA:138,14,1,0
BRDA:138,15,0,0
BRDA:138,15,1,0
BRDA:151,16,0,0
BRDA:155,17,0,0
BRDA:170,18,0,0
BRDA:179,19,0,0
BRDA:179,20,0,0
BRDA:179,20,1,0
BRDA:184,21,0,0
BRDA:200,22,0,0
BRDA:215,23,0,0
BRDA:216,24,0,0
BRDA:216,24,1,0
BRDA:216,24,2,0
BRDA:232,25,0,0
BRDA:236,26,0,0
BRDA:241,27,0,0
BRDA:248,28,0,0
BRDA:248,29,0,0
BRDA:248,29,1,0
BRDA:254,30,0,0
BRDA:266,31,0,0
BRDA:270,32,0,0
BRDA:274,33,0,0
BRDA:280,34,0,0
BRDA:295,35,0,0
BRDA:296,36,0,0
BRDA:301,37,0,0
BRDA:301,37,1,0
BRDA:306,38,0,0
BRDA:316,39,0,0
BRDA:326,40,0,0
BRDA:326,40,1,0
BRF:54
BRH:0
end_of_record
TN:
SF:src/util/security.ts
FN:8,(anonymous_0)
FN:9,(anonymous_1)
FN:10,(anonymous_2)
FN:11,(anonymous_3)
FN:12,(anonymous_4)
FN:13,(anonymous_5)
FN:14,(anonymous_6)
FN:15,(anonymous_7)
FN:20,(anonymous_8)
FN:21,(anonymous_9)
FN:22,(anonymous_10)
FN:23,(anonymous_11)
FN:24,(anonymous_12)
FN:25,(anonymous_13)
FN:26,(anonymous_14)
FN:27,(anonymous_15)
FN:28,(anonymous_16)
FN:29,(anonymous_17)
FN:30,(anonymous_18)
FN:31,(anonymous_19)
FN:76,securityChecklist
FN:115,(anonymous_21)
FN:125,(anonymous_22)
FN:135,(anonymous_23)
FN:150,(anonymous_24)
FNF:25
FNH:0
FNDA:0,(anonymous_0)
FNDA:0,(anonymous_1)
FNDA:0,(anonymous_2)
FNDA:0,(anonymous_3)
FNDA:0,(anonymous_4)
FNDA:0,(anonymous_5)
FNDA:0,(anonymous_6)
FNDA:0,(anonymous_7)
FNDA:0,(anonymous_8)
FNDA:0,(anonymous_9)
FNDA:0,(anonymous_10)
FNDA:0,(anonymous_11)
FNDA:0,(anonymous_12)
FNDA:0,(anonymous_13)
FNDA:0,(anonymous_14)
FNDA:0,(anonymous_15)
FNDA:0,(anonymous_16)
FNDA:0,(anonymous_17)
FNDA:0,(anonymous_18)
FNDA:0,(anonymous_19)
FNDA:0,securityChecklist
FNDA:0,(anonymous_21)
FNDA:0,(anonymous_22)
FNDA:0,(anonymous_23)
FNDA:0,(anonymous_24)
DA:7,0
DA:8,0
DA:9,0
DA:10,0
DA:11,0
DA:12,0
DA:13,0
DA:14,0
DA:15,0
DA:19,0
DA:20,0
DA:21,0
DA:22,0
DA:23,0
DA:24,0
DA:25,0
DA:26,0
DA:27,0
DA:28,0
DA:29,0
DA:30,0
DA:31,0
DA:39,0
DA:76,0
DA:77,0
DA:111,0
DA:116,0
DA:117,0
DA:119,0
DA:126,0
DA:127,0
DA:129,0
DA:139,0
DA:140,0
DA:144,0
DA:155,0
DA:156,0
DA:157,0
DA:161,0
LF:39
LH:0
BRDA:116,0,0,0
BRDA:126,1,0,0
BRDA:139,2,0,0
BRDA:155,3,0,0
BRDA:155,3,1,0
BRDA:156,4,0,0
BRDA:156,5,0,0
BRDA:156,5,1,0
BRDA:156,5,2,0
BRF:9
BRH:0
end_of_record
TN:
SF:src/util/similarity.ts
FN:7,calculateSimilarity
FN:31,levenshteinDistance
FN:66,normalize
FN:70,getBigrams
FNF:4
FNH:3
FNDA:7,calculateSimilarity
FNDA:0,levenshteinDistance
FNDA:14,normalize
FNDA:12,getBigrams
DA:7,24
DA:8,7
DA:9,7
DA:11,7
DA:12,6
DA:14,6
DA:15,6
DA:17,6
DA:18,6
DA:19,197
DA:20,140
DA:24,6
DA:31,24
DA:32,0
DA:33,0
DA:35,0
DA:36,0
DA:38,0
DA:40,0
DA:41,0
DA:44,0
DA:45,0
DA:48,0
DA:49,0
DA:50,0
DA:51,0
DA:53,0
DA:61,0
DA:62,0
DA:63,0
DA:67,14
DA:71,12
DA:72,12
DA:73,532
DA:75,12
LF:35
LH:18
BRDA:11,0,0,1
BRDA:12,1,0,0
BRDA:12,2,0,6
BRDA:12,2,1,6
BRDA:19,3,0,140
BRDA:35,4,0,0
BRDA:36,5,0,0
BRDA:50,6,0,0
BRDA:50,6,1,0
BRF:9
BRH:4
end_of_record
TN:
SF:src/util/stack-trace-utils.ts
FN:3,extendStackTrace
FN:19,isStackHolder
FNF:2
FNH:0
FNDA:0,extendStackTrace
FNDA:0,isStackHolder
DA:1,0
DA:3,0
DA:4,0
DA:6,0
DA:8,0
DA:9,0
DA:12,0
DA:20,0
LF:8
LH:0
BRDA:4,0,0,0
BRDA:4,1,0,0
BRDA:4,1,1,0
BRDA:20,2,0,0
BRDA:20,2,1,0
BRF:5
BRH:0
end_of_record
TN:
SF:src/utils/errorHelpers.ts
FN:11,wrapKyselyError
FN:103,extractColumnName
FN:122,extractTableName
FN:141,extractConstraintMessage
FN:165,suggestCorrections
FN:181,(anonymous_5)
FN:183,(anonymous_6)
FN:189,calculateSimilarity
FNF:8
FNH:0
FNDA:0,wrapKyselyError
FNDA:0,extractColumnName
FNDA:0,extractTableName
FNDA:0,extractConstraintMessage
FNDA:0,suggestCorrections
FNDA:0,(anonymous_5)
FNDA:0,(anonymous_6)
FNDA:0,calculateSimilarity
DA:1,0
DA:11,0
DA:20,0
DA:23,0
DA:24,0
DA:25,0
DA:26,0
DA:35,0
DA:36,0
DA:37,0
DA:38,0
DA:43,0
DA:48,0
DA:52,0
DA:57,0
DA:64,0
DA:65,0
DA:75,0
DA:80,0
DA:92,0
DA:103,0
DA:105,0
DA:106,0
DA:109,0
DA:110,0
DA:113,0
DA:114,0
DA:116,0
DA:122,0
DA:124,0
DA:125,0
DA:128,0
DA:129,0
DA:132,0
DA:133,0
DA:135,0
DA:141,0
DA:143,0
DA:144,0
DA:147,0
DA:148,0
DA:151,0
DA:152,0
DA:155,0
DA:156,0
DA:159,0
DA:165,0
DA:170,0
DA:172,0
DA:173,0
DA:174,0
DA:176,0
DA:180,0
DA:181,0
DA:183,0
DA:190,0
DA:192,0
DA:193,0
DA:195,0
DA:197,0
DA:198,0
DA:200,0
DA:201,0
DA:203,0
DA:204,0
DA:207,0
DA:208,0
DA:209,0
DA:211,0
DA:212,0
DA:213,0
DA:214,0
DA:215,0
DA:216,0
DA:220,0
DA:223,0
DA:224,0
DA:225,0
DA:226,0
DA:227,0
DA:228,0
DA:232,0
DA:238,0
DA:239,0
DA:240,0
DA:241,0
DA:244,0
LF:87
LH:0
BRDA:20,0,0,0
BRDA:20,0,1,0
BRDA:23,1,0,0
BRDA:23,2,0,0
BRDA:23,2,1,0
BRDA:25,3,0,0
BRDA:25,4,0,0
BRDA:25,4,1,0
BRDA:25,4,2,0
BRDA:35,5,0,0
BRDA:35,6,0,0
BRDA:35,6,1,0
BRDA:37,7,0,0
BRDA:37,8,0,0
BRDA:37,8,1,0
BRDA:43,9,0,0
BRDA:44,10,0,0
BRDA:44,10,1,0
BRDA:44,10,2,0
BRDA:52,11,0,0
BRDA:53,12,0,0
BRDA:53,12,1,0
BRDA:53,12,2,0
BRDA:64,13,0,0
BRDA:64,14,0,0
BRDA:64,14,1,0
BRDA:75,15,0,0
BRDA:76,16,0,0
BRDA:76,16,1,0
BRDA:76,16,2,0
BRDA:106,17,0,0
BRDA:110,18,0,0
BRDA:114,19,0,0
BRDA:125,20,0,0
BRDA:129,21,0,0
BRDA:133,22,0,0
BRDA:143,23,0,0
BRDA:147,24,0,0
BRDA:151,25,0,0
BRDA:155,26,0,0
BRDA:168,27,0,0
BRDA:174,28,0,0
BRDA:190,29,0,0
BRDA:195,30,0,0
BRDA:195,31,0,0
BRDA:195,31,1,0
BRDA:198,32,0,0
BRDA:212,33,0,0
BRDA:212,34,0,0
BRDA:212,34,1,0
BRDA:220,35,0,0
BRDA:225,36,0,0
BRDA:227,37,0,0
BRDA:240,38,0,0
BRDA:240,38,1,0
BRF:55
BRH:0
end_of_record
TN:
SF:src/watch/schema-watcher.ts
FN:29,(anonymous_0)
FN:49,(anonymous_1)
FN:75,(anonymous_2)
FN:76,(anonymous_3)
FN:94,(anonymous_4)
FN:111,(anonymous_5)
FN:118,(anonymous_6)
FN:130,(anonymous_7)
FN:172,(anonymous_8)
FN:179,(anonymous_9)
FN:183,(anonymous_10)
FN:184,(anonymous_11)
FN:186,(anonymous_12)
FN:197,(anonymous_13)
FN:199,(anonymous_14)
FN:210,(anonymous_15)
FN:231,(anonymous_16)
FN:232,(anonymous_17)
FN:259,(anonymous_18)
FN:260,(anonymous_19)
FN:304,(anonymous_20)
FN:315,(anonymous_21)
FN:316,(anonymous_22)
FN:328,(anonymous_23)
FN:335,(anonymous_24)
FNF:25
FNH:20
FNDA:9,(anonymous_0)
FNDA:9,(anonymous_1)
FNDA:24,(anonymous_2)
FNDA:0,(anonymous_3)
FNDA:27,(anonymous_4)
FNDA:16,(anonymous_5)
FNDA:0,(anonymous_6)
FNDA:24,(anonymous_7)
FNDA:32,(anonymous_8)
FNDA:32,(anonymous_9)
FNDA:63,(anonymous_10)
FNDA:61,(anonymous_11)
FNDA:64,(anonymous_12)
FNDA:30,(anonymous_13)
FNDA:0,(anonymous_14)
FNDA:6,(anonymous_15)
FNDA:7,(anonymous_16)
FNDA:15,(anonymous_17)
FNDA:7,(anonymous_18)
FNDA:7,(anonymous_19)
FNDA:7,(anonymous_20)
FNDA:6,(anonymous_21)
FNDA:12,(anonymous_22)
FNDA:0,(anonymous_23)
FNDA:0,(anonymous_24)
DA:10,22
DA:22,22
DA:23,9
DA:24,9
DA:25,9
DA:26,9
DA:27,9
DA:30,9
DA:31,9
DA:32,9
DA:33,9
DA:36,9
DA:37,9
DA:50,9
DA:51,1
DA:52,1
DA:55,8
DA:56,0
DA:57,0
DA:60,8
DA:63,8
DA:64,8
DA:65,8
DA:66,8
DA:68,0
DA:70,0
DA:71,0
DA:74,8
DA:75,8
DA:76,24
DA:77,0
DA:82,8
DA:83,8
DA:86,8
DA:95,27
DA:96,8
DA:97,8
DA:100,27
DA:101,27
DA:103,27
DA:104,27
DA:112,16
DA:121,0
DA:122,0
DA:123,0
DA:131,24
DA:132,24
DA:133,24
DA:136,24
DA:140,24
DA:141,6
DA:143,6
DA:145,6
DA:146,6
DA:148,6
DA:149,6
DA:150,6
DA:153,6
DA:157,18
DA:158,0
DA:159,0
DA:162,18
DA:164,0
DA:165,0
DA:173,32
DA:181,32
DA:183,63
DA:184,61
DA:186,64
DA:197,30
DA:200,0
DA:204,32
DA:214,6
DA:216,6
DA:221,0
DA:222,0
DA:228,0
DA:231,7
DA:232,15
DA:235,6
DA:236,15
DA:237,8
DA:246,6
DA:247,7
DA:248,0
DA:256,6
DA:257,15
DA:258,15
DA:259,7
DA:260,7
DA:263,7
DA:264,7
DA:265,0
DA:275,7
DA:276,7
DA:277,0
DA:284,7
DA:285,7
DA:286,0
DA:301,6
DA:305,7
DA:316,6
DA:317,12
DA:318,12
DA:320,0
DA:329,0
DA:336,0
LF:107
LH:83
BRDA:33,0,0,0
BRDA:41,1,0,9
BRDA:41,1,1,0
BRDA:50,2,0,1
BRDA:55,3,0,0
BRDA:82,4,0,8
BRDA:82,5,0,8
BRDA:82,5,1,8
BRDA:95,6,0,8
BRDA:103,7,0,27
BRDA:122,8,0,0
BRDA:140,9,0,6
BRDA:140,10,0,24
BRDA:140,10,1,24
BRDA:148,11,0,6
BRDA:157,12,0,0
BRDA:216,13,0,0
BRDA:236,14,0,8
BRDA:247,15,0,0
BRDA:258,16,0,7
BRDA:264,17,0,0
BRDA:276,18,0,0
BRDA:276,18,1,7
BRDA:285,19,0,0
BRDA:306,20,0,7
BRDA:306,20,1,7
BRDA:306,20,2,7
BRF:27
BRH:17
end_of_record
